{"C:\\Users\\dhershman\\Desktop\\Development\\Personal\\Modules\\dusty\\src\\curry.js":{"path":"C:\\Users\\dhershman\\Desktop\\Development\\Personal\\Modules\\dusty\\src\\curry.js","statementMap":{"0":{"start":{"line":17,"column":14},"end":{"line":23,"column":1}},"1":{"start":{"line":18,"column":2},"end":{"line":20,"column":3}},"2":{"start":{"line":19,"column":4},"end":{"line":19,"column":21}},"3":{"start":{"line":22,"column":2},"end":{"line":22,"column":48}},"4":{"start":{"line":22,"column":22},"end":{"line":22,"column":48}}},"fnMap":{"0":{"name":"(anonymous_0)","decl":{"start":{"line":17,"column":14},"end":{"line":17,"column":15}},"loc":{"start":{"line":17,"column":30},"end":{"line":23,"column":1}},"line":17},"1":{"name":"(anonymous_1)","decl":{"start":{"line":22,"column":9},"end":{"line":22,"column":10}},"loc":{"start":{"line":22,"column":22},"end":{"line":22,"column":48}},"line":22}},"branchMap":{"0":{"loc":{"start":{"line":18,"column":2},"end":{"line":20,"column":3}},"type":"if","locations":[{"start":{"line":18,"column":2},"end":{"line":20,"column":3}},{"start":{"line":18,"column":2},"end":{"line":20,"column":3}}],"line":18}},"s":{"0":1,"1":374,"2":257,"3":117,"4":321},"f":{"0":374,"1":321},"b":{"0":[257,117]},"_coverageSchema":"332fd63041d2c1bcb487cc26dd0d5f7d97098a6c","hash":"380031af738bbc0b77f52375b2c3bd1bff7c21eb","contentHash":"6e633505071239acacacbc7174bd7db2_11.8.0"},"C:\\Users\\dhershman\\Desktop\\Development\\Personal\\Modules\\dusty\\src\\add.js":{"path":"C:\\Users\\dhershman\\Desktop\\Development\\Personal\\Modules\\dusty\\src\\add.js","statementMap":{"0":{"start":{"line":23,"column":12},"end":{"line":23,"column":27}},"1":{"start":{"line":23,"column":22},"end":{"line":23,"column":27}}},"fnMap":{"0":{"name":"(anonymous_0)","decl":{"start":{"line":23,"column":12},"end":{"line":23,"column":13}},"loc":{"start":{"line":23,"column":22},"end":{"line":23,"column":27}},"line":23}},"branchMap":{},"s":{"0":1,"1":6},"f":{"0":6},"b":{},"_coverageSchema":"332fd63041d2c1bcb487cc26dd0d5f7d97098a6c","hash":"9e4a2150e00817fa3b0527ea95f5a193b55e36ae","contentHash":"aa934e13f10cbca4a736a034a5e3cae1_11.8.0"},"C:\\Users\\dhershman\\Desktop\\Development\\Personal\\Modules\\dusty\\src\\and.js":{"path":"C:\\Users\\dhershman\\Desktop\\Development\\Personal\\Modules\\dusty\\src\\and.js","statementMap":{"0":{"start":{"line":19,"column":12},"end":{"line":19,"column":28}},"1":{"start":{"line":19,"column":22},"end":{"line":19,"column":28}}},"fnMap":{"0":{"name":"(anonymous_0)","decl":{"start":{"line":19,"column":12},"end":{"line":19,"column":13}},"loc":{"start":{"line":19,"column":22},"end":{"line":19,"column":28}},"line":19}},"branchMap":{"0":{"loc":{"start":{"line":19,"column":22},"end":{"line":19,"column":28}},"type":"binary-expr","locations":[{"start":{"line":19,"column":22},"end":{"line":19,"column":23}},{"start":{"line":19,"column":27},"end":{"line":19,"column":28}}],"line":19}},"s":{"0":1,"1":5},"f":{"0":5},"b":{"0":[5,4]},"_coverageSchema":"332fd63041d2c1bcb487cc26dd0d5f7d97098a6c","hash":"1cd7051be344c39065a4fd8d2e1856590ec1f620","contentHash":"cd8324de1e912e9cf63428257e9cb08e_11.8.0"},"C:\\Users\\dhershman\\Desktop\\Development\\Personal\\Modules\\dusty\\src\\any.js":{"path":"C:\\Users\\dhershman\\Desktop\\Development\\Personal\\Modules\\dusty\\src\\any.js","statementMap":{"0":{"start":{"line":22,"column":12},"end":{"line":24,"column":26}},"1":{"start":{"line":23,"column":2},"end":{"line":24,"column":26}},"2":{"start":{"line":24,"column":4},"end":{"line":24,"column":25}}},"fnMap":{"0":{"name":"(anonymous_0)","decl":{"start":{"line":22,"column":12},"end":{"line":22,"column":13}},"loc":{"start":{"line":23,"column":2},"end":{"line":24,"column":26}},"line":23},"1":{"name":"(anonymous_1)","decl":{"start":{"line":23,"column":27},"end":{"line":23,"column":28}},"loc":{"start":{"line":24,"column":4},"end":{"line":24,"column":25}},"line":24}},"branchMap":{},"s":{"0":1,"1":3,"2":5},"f":{"0":3,"1":5},"b":{},"_coverageSchema":"332fd63041d2c1bcb487cc26dd0d5f7d97098a6c","hash":"4885b8e606ceacfb8e2175a93b90ad1ef687a4e6","contentHash":"149ae4341e3d8a701f354832abb5722e_11.8.0"},"C:\\Users\\dhershman\\Desktop\\Development\\Personal\\Modules\\dusty\\src\\_internals\\array-from-iterator.js":{"path":"C:\\Users\\dhershman\\Desktop\\Development\\Personal\\Modules\\dusty\\src\\_internals\\array-from-iterator.js","statementMap":{"0":{"start":{"line":2,"column":15},"end":{"line":2,"column":17}},"1":{"start":{"line":3,"column":13},"end":{"line":3,"column":15}},"2":{"start":{"line":5,"column":2},"end":{"line":7,"column":3}},"3":{"start":{"line":6,"column":4},"end":{"line":6,"column":25}},"4":{"start":{"line":9,"column":2},"end":{"line":9,"column":13}}},"fnMap":{"0":{"name":"(anonymous_0)","decl":{"start":{"line":1,"column":15},"end":{"line":1,"column":16}},"loc":{"start":{"line":1,"column":23},"end":{"line":10,"column":1}},"line":1}},"branchMap":{},"s":{"0":15,"1":15,"2":15,"3":14,"4":15},"f":{"0":15},"b":{},"_coverageSchema":"332fd63041d2c1bcb487cc26dd0d5f7d97098a6c","hash":"494a5c8aea82570446021fd998b9903bcb2c76f0","contentHash":"d8c707c7805ca8753a76598129455734_11.8.0"},"C:\\Users\\dhershman\\Desktop\\Development\\Personal\\Modules\\dusty\\src\\assign.js":{"path":"C:\\Users\\dhershman\\Desktop\\Development\\Personal\\Modules\\dusty\\src\\assign.js","statementMap":{"0":{"start":{"line":16,"column":15},"end":{"line":21,"column":11}},"1":{"start":{"line":17,"column":2},"end":{"line":21,"column":11}},"2":{"start":{"line":18,"column":5},"end":{"line":21,"column":5}}},"fnMap":{"0":{"name":"(anonymous_0)","decl":{"start":{"line":16,"column":15},"end":{"line":16,"column":16}},"loc":{"start":{"line":17,"column":2},"end":{"line":21,"column":11}},"line":17},"1":{"name":"(anonymous_1)","decl":{"start":{"line":17,"column":14},"end":{"line":17,"column":15}},"loc":{"start":{"line":18,"column":5},"end":{"line":21,"column":5}},"line":18}},"branchMap":{},"s":{"0":1,"1":6,"2":15},"f":{"0":6,"1":15},"b":{},"_coverageSchema":"332fd63041d2c1bcb487cc26dd0d5f7d97098a6c","hash":"e0c9c1203eea1ca1d5b491a20e08a34cd833313e","contentHash":"d5620e0d0aa0a1b5edd7d639c19646bb_11.8.0"},"C:\\Users\\dhershman\\Desktop\\Development\\Personal\\Modules\\dusty\\src\\capitalize.js":{"path":"C:\\Users\\dhershman\\Desktop\\Development\\Personal\\Modules\\dusty\\src\\capitalize.js","statementMap":{"0":{"start":{"line":15,"column":19},"end":{"line":15,"column":68}},"1":{"start":{"line":15,"column":26},"end":{"line":15,"column":68}}},"fnMap":{"0":{"name":"(anonymous_0)","decl":{"start":{"line":15,"column":19},"end":{"line":15,"column":20}},"loc":{"start":{"line":15,"column":26},"end":{"line":15,"column":68}},"line":15}},"branchMap":{},"s":{"0":1,"1":3},"f":{"0":3},"b":{},"_coverageSchema":"332fd63041d2c1bcb487cc26dd0d5f7d97098a6c","hash":"eea88b6cfbaca17a6b5041c860245d6fa8d9dda3","contentHash":"b358a851ed1c5759005705e8a223fd86_11.8.0"},"C:\\Users\\dhershman\\Desktop\\Development\\Personal\\Modules\\dusty\\src\\compact.js":{"path":"C:\\Users\\dhershman\\Desktop\\Development\\Personal\\Modules\\dusty\\src\\compact.js","statementMap":{"0":{"start":{"line":14,"column":2},"end":{"line":14,"column":29}},"1":{"start":{"line":14,"column":18},"end":{"line":14,"column":28}}},"fnMap":{"0":{"name":"(anonymous_0)","decl":{"start":{"line":13,"column":15},"end":{"line":13,"column":16}},"loc":{"start":{"line":14,"column":2},"end":{"line":14,"column":29}},"line":14},"1":{"name":"(anonymous_1)","decl":{"start":{"line":14,"column":13},"end":{"line":14,"column":14}},"loc":{"start":{"line":14,"column":18},"end":{"line":14,"column":28}},"line":14}},"branchMap":{},"s":{"0":2,"1":11},"f":{"0":2,"1":11},"b":{},"_coverageSchema":"332fd63041d2c1bcb487cc26dd0d5f7d97098a6c","hash":"9617664c21eb7ef6723800671f59d9a6c1f5ffe2","contentHash":"5f563b705012baa1ac60c230a41f3b1a_11.8.0"},"C:\\Users\\dhershman\\Desktop\\Development\\Personal\\Modules\\dusty\\src\\not.js":{"path":"C:\\Users\\dhershman\\Desktop\\Development\\Personal\\Modules\\dusty\\src\\not.js","statementMap":{"0":{"start":{"line":13,"column":12},"end":{"line":13,"column":19}},"1":{"start":{"line":13,"column":17},"end":{"line":13,"column":19}}},"fnMap":{"0":{"name":"(anonymous_0)","decl":{"start":{"line":13,"column":12},"end":{"line":13,"column":13}},"loc":{"start":{"line":13,"column":17},"end":{"line":13,"column":19}},"line":13}},"branchMap":{},"s":{"0":1,"1":17},"f":{"0":17},"b":{},"_coverageSchema":"332fd63041d2c1bcb487cc26dd0d5f7d97098a6c","hash":"cf2ff58619c89fc5f4f433eb16115a5913a31ff2","contentHash":"02f4be48dcefdee22c0e017874254eb8_11.8.0"},"C:\\Users\\dhershman\\Desktop\\Development\\Personal\\Modules\\dusty\\src\\complement.js":{"path":"C:\\Users\\dhershman\\Desktop\\Development\\Personal\\Modules\\dusty\\src\\complement.js","statementMap":{"0":{"start":{"line":21,"column":19},"end":{"line":21,"column":40}},"1":{"start":{"line":21,"column":30},"end":{"line":21,"column":40}}},"fnMap":{"0":{"name":"(anonymous_0)","decl":{"start":{"line":21,"column":19},"end":{"line":21,"column":20}},"loc":{"start":{"line":21,"column":30},"end":{"line":21,"column":40}},"line":21}},"branchMap":{},"s":{"0":1,"1":4},"f":{"0":4},"b":{},"_coverageSchema":"332fd63041d2c1bcb487cc26dd0d5f7d97098a6c","hash":"bf9a1e3cdadb93f7294dfef93a21550880779bbc","contentHash":"c5a28dd359c16d0922b2e160979d422f_11.8.0"},"C:\\Users\\dhershman\\Desktop\\Development\\Personal\\Modules\\dusty\\src\\isNil.js":{"path":"C:\\Users\\dhershman\\Desktop\\Development\\Personal\\Modules\\dusty\\src\\isNil.js","statementMap":{"0":{"start":{"line":15,"column":14},"end":{"line":15,"column":28}},"1":{"start":{"line":15,"column":19},"end":{"line":15,"column":28}}},"fnMap":{"0":{"name":"(anonymous_0)","decl":{"start":{"line":15,"column":14},"end":{"line":15,"column":15}},"loc":{"start":{"line":15,"column":19},"end":{"line":15,"column":28}},"line":15}},"branchMap":{},"s":{"0":1,"1":59},"f":{"0":59},"b":{},"_coverageSchema":"332fd63041d2c1bcb487cc26dd0d5f7d97098a6c","hash":"88f71b53d81362c8d7d4445ac0cf8def226cd22c","contentHash":"c2692692aa37f435e40acd20190a559d_11.8.0"},"C:\\Users\\dhershman\\Desktop\\Development\\Personal\\Modules\\dusty\\src\\compress.js":{"path":"C:\\Users\\dhershman\\Desktop\\Development\\Personal\\Modules\\dusty\\src\\compress.js","statementMap":{"0":{"start":{"line":16,"column":17},"end":{"line":23,"column":8}},"1":{"start":{"line":17,"column":2},"end":{"line":23,"column":8}},"2":{"start":{"line":18,"column":4},"end":{"line":20,"column":5}},"3":{"start":{"line":19,"column":6},"end":{"line":19,"column":21}},"4":{"start":{"line":22,"column":4},"end":{"line":22,"column":14}}},"fnMap":{"0":{"name":"(anonymous_0)","decl":{"start":{"line":16,"column":17},"end":{"line":16,"column":18}},"loc":{"start":{"line":17,"column":2},"end":{"line":23,"column":8}},"line":17},"1":{"name":"(anonymous_1)","decl":{"start":{"line":17,"column":26},"end":{"line":17,"column":27}},"loc":{"start":{"line":17,"column":38},"end":{"line":23,"column":3}},"line":17}},"branchMap":{"0":{"loc":{"start":{"line":18,"column":4},"end":{"line":20,"column":5}},"type":"if","locations":[{"start":{"line":18,"column":4},"end":{"line":20,"column":5}},{"start":{"line":18,"column":4},"end":{"line":20,"column":5}}],"line":18}},"s":{"0":1,"1":4,"2":12,"3":10,"4":12},"f":{"0":4,"1":12},"b":{"0":[10,2]},"_coverageSchema":"332fd63041d2c1bcb487cc26dd0d5f7d97098a6c","hash":"adbce608d00656d9dcd443463e11e65b263c0ce4","contentHash":"0a2bffdd8a66d69048ac1ef4fc0c9e40_11.8.0"},"C:\\Users\\dhershman\\Desktop\\Development\\Personal\\Modules\\dusty\\src\\concat.js":{"path":"C:\\Users\\dhershman\\Desktop\\Development\\Personal\\Modules\\dusty\\src\\concat.js","statementMap":{"0":{"start":{"line":12,"column":15},"end":{"line":13,"column":43}},"1":{"start":{"line":13,"column":2},"end":{"line":13,"column":43}},"2":{"start":{"line":13,"column":25},"end":{"line":13,"column":38}}},"fnMap":{"0":{"name":"(anonymous_0)","decl":{"start":{"line":12,"column":15},"end":{"line":12,"column":16}},"loc":{"start":{"line":13,"column":2},"end":{"line":13,"column":43}},"line":13},"1":{"name":"(anonymous_1)","decl":{"start":{"line":13,"column":13},"end":{"line":13,"column":14}},"loc":{"start":{"line":13,"column":25},"end":{"line":13,"column":38}},"line":13}},"branchMap":{},"s":{"0":1,"1":1,"2":3},"f":{"0":1,"1":3},"b":{},"_coverageSchema":"332fd63041d2c1bcb487cc26dd0d5f7d97098a6c","hash":"26950e95fc5e6d75e0d2b696525ba51fbaf030eb","contentHash":"79d0e0e55999e8bd4a35837cefaf7ece_11.8.0"},"C:\\Users\\dhershman\\Desktop\\Development\\Personal\\Modules\\dusty\\src\\concatMap.js":{"path":"C:\\Users\\dhershman\\Desktop\\Development\\Personal\\Modules\\dusty\\src\\concatMap.js","statementMap":{"0":{"start":{"line":21,"column":18},"end":{"line":22,"column":47}},"1":{"start":{"line":22,"column":2},"end":{"line":22,"column":47}},"2":{"start":{"line":22,"column":25},"end":{"line":22,"column":42}}},"fnMap":{"0":{"name":"(anonymous_0)","decl":{"start":{"line":21,"column":18},"end":{"line":21,"column":19}},"loc":{"start":{"line":22,"column":2},"end":{"line":22,"column":47}},"line":22},"1":{"name":"(anonymous_1)","decl":{"start":{"line":22,"column":13},"end":{"line":22,"column":14}},"loc":{"start":{"line":22,"column":25},"end":{"line":22,"column":42}},"line":22}},"branchMap":{},"s":{"0":1,"1":2,"2":6},"f":{"0":2,"1":6},"b":{},"_coverageSchema":"332fd63041d2c1bcb487cc26dd0d5f7d97098a6c","hash":"bdcc72b6dc3b60a97a7130e986025fc1c7c5273a","contentHash":"17ba6c67f4b2db9cd32988dd3498bff0_11.8.0"},"C:\\Users\\dhershman\\Desktop\\Development\\Personal\\Modules\\dusty\\src\\contains.js":{"path":"C:\\Users\\dhershman\\Desktop\\Development\\Personal\\Modules\\dusty\\src\\contains.js","statementMap":{"0":{"start":{"line":23,"column":17},"end":{"line":24,"column":24}},"1":{"start":{"line":24,"column":2},"end":{"line":24,"column":24}}},"fnMap":{"0":{"name":"(anonymous_0)","decl":{"start":{"line":23,"column":17},"end":{"line":23,"column":18}},"loc":{"start":{"line":24,"column":2},"end":{"line":24,"column":24}},"line":24}},"branchMap":{},"s":{"0":1,"1":4},"f":{"0":4},"b":{},"_coverageSchema":"332fd63041d2c1bcb487cc26dd0d5f7d97098a6c","hash":"7ce494d0bc2f1a1e48bcbc8e05f7078043f8e562","contentHash":"fbb8bb2e8c6fc6985e3819b692ee4455_11.8.0"},"C:\\Users\\dhershman\\Desktop\\Development\\Personal\\Modules\\dusty\\src\\update.js":{"path":"C:\\Users\\dhershman\\Desktop\\Development\\Personal\\Modules\\dusty\\src\\update.js","statementMap":{"0":{"start":{"line":29,"column":15},"end":{"line":30,"column":61}},"1":{"start":{"line":30,"column":2},"end":{"line":30,"column":61}}},"fnMap":{"0":{"name":"(anonymous_0)","decl":{"start":{"line":29,"column":15},"end":{"line":29,"column":16}},"loc":{"start":{"line":30,"column":2},"end":{"line":30,"column":61}},"line":30}},"branchMap":{},"s":{"0":1,"1":6},"f":{"0":6},"b":{},"_coverageSchema":"332fd63041d2c1bcb487cc26dd0d5f7d97098a6c","hash":"00911b6350cc71c5adf75ff0a6e39a74c28c97f4","contentHash":"a0d706bd9fea77e34a29e000eafa0ba2_11.8.0"},"C:\\Users\\dhershman\\Desktop\\Development\\Personal\\Modules\\dusty\\src\\curryN.js":{"path":"C:\\Users\\dhershman\\Desktop\\Development\\Personal\\Modules\\dusty\\src\\curryN.js","statementMap":{"0":{"start":{"line":30,"column":15},"end":{"line":36,"column":1}},"1":{"start":{"line":31,"column":2},"end":{"line":33,"column":3}},"2":{"start":{"line":32,"column":4},"end":{"line":32,"column":21}},"3":{"start":{"line":35,"column":2},"end":{"line":35,"column":66}},"4":{"start":{"line":35,"column":22},"end":{"line":35,"column":66}}},"fnMap":{"0":{"name":"(anonymous_0)","decl":{"start":{"line":30,"column":15},"end":{"line":30,"column":16}},"loc":{"start":{"line":30,"column":38},"end":{"line":36,"column":1}},"line":30},"1":{"name":"(anonymous_1)","decl":{"start":{"line":35,"column":9},"end":{"line":35,"column":10}},"loc":{"start":{"line":35,"column":22},"end":{"line":35,"column":66}},"line":35}},"branchMap":{"0":{"loc":{"start":{"line":30,"column":16},"end":{"line":30,"column":21}},"type":"default-arg","locations":[{"start":{"line":30,"column":20},"end":{"line":30,"column":21}}],"line":30},"1":{"loc":{"start":{"line":31,"column":2},"end":{"line":33,"column":3}},"type":"if","locations":[{"start":{"line":31,"column":2},"end":{"line":33,"column":3}},{"start":{"line":31,"column":2},"end":{"line":33,"column":3}}],"line":31}},"s":{"0":1,"1":17,"2":9,"3":8,"4":12},"f":{"0":17,"1":12},"b":{"0":[0],"1":[9,8]},"_coverageSchema":"332fd63041d2c1bcb487cc26dd0d5f7d97098a6c","hash":"492ab1608adff934e481b574e0dd0ec0c2767976","contentHash":"1bcf3d5c07712c3661c5ad9cf6339324_11.8.0"},"C:\\Users\\dhershman\\Desktop\\Development\\Personal\\Modules\\dusty\\src\\defaults.js":{"path":"C:\\Users\\dhershman\\Desktop\\Development\\Personal\\Modules\\dusty\\src\\defaults.js","statementMap":{"0":{"start":{"line":24,"column":17},"end":{"line":31,"column":10}},"1":{"start":{"line":25,"column":2},"end":{"line":31,"column":10}},"2":{"start":{"line":26,"column":4},"end":{"line":28,"column":5}},"3":{"start":{"line":27,"column":6},"end":{"line":27,"column":27}},"4":{"start":{"line":30,"column":4},"end":{"line":30,"column":14}}},"fnMap":{"0":{"name":"(anonymous_0)","decl":{"start":{"line":24,"column":17},"end":{"line":24,"column":18}},"loc":{"start":{"line":25,"column":2},"end":{"line":31,"column":10}},"line":25},"1":{"name":"(anonymous_1)","decl":{"start":{"line":25,"column":26},"end":{"line":25,"column":27}},"loc":{"start":{"line":25,"column":41},"end":{"line":31,"column":3}},"line":25}},"branchMap":{"0":{"loc":{"start":{"line":26,"column":4},"end":{"line":28,"column":5}},"type":"if","locations":[{"start":{"line":26,"column":4},"end":{"line":28,"column":5}},{"start":{"line":26,"column":4},"end":{"line":28,"column":5}}],"line":26}},"s":{"0":1,"1":5,"2":10,"3":4,"4":10},"f":{"0":5,"1":10},"b":{"0":[4,6]},"_coverageSchema":"332fd63041d2c1bcb487cc26dd0d5f7d97098a6c","hash":"020ade5b18716cfb7527327c980cad8dda37d689","contentHash":"faeb369e09ed314fae6bf647118d9368_11.8.0"},"C:\\Users\\dhershman\\Desktop\\Development\\Personal\\Modules\\dusty\\src\\difference.js":{"path":"C:\\Users\\dhershman\\Desktop\\Development\\Personal\\Modules\\dusty\\src\\difference.js","statementMap":{"0":{"start":{"line":22,"column":19},"end":{"line":22,"column":81}},"1":{"start":{"line":22,"column":38},"end":{"line":22,"column":81}},"2":{"start":{"line":22,"column":56},"end":{"line":22,"column":80}}},"fnMap":{"0":{"name":"(anonymous_0)","decl":{"start":{"line":22,"column":19},"end":{"line":22,"column":20}},"loc":{"start":{"line":22,"column":38},"end":{"line":22,"column":81}},"line":22},"1":{"name":"(anonymous_1)","decl":{"start":{"line":22,"column":51},"end":{"line":22,"column":52}},"loc":{"start":{"line":22,"column":56},"end":{"line":22,"column":80}},"line":22}},"branchMap":{},"s":{"0":1,"1":3,"2":12},"f":{"0":3,"1":12},"b":{},"_coverageSchema":"332fd63041d2c1bcb487cc26dd0d5f7d97098a6c","hash":"026ac9d47184b61035767bd98bf6091ee9af65a9","contentHash":"27df06c363c59eb5b716fc06134e482c_11.8.0"},"C:\\Users\\dhershman\\Desktop\\Development\\Personal\\Modules\\dusty\\src\\div.js":{"path":"C:\\Users\\dhershman\\Desktop\\Development\\Personal\\Modules\\dusty\\src\\div.js","statementMap":{"0":{"start":{"line":23,"column":12},"end":{"line":23,"column":27}},"1":{"start":{"line":23,"column":22},"end":{"line":23,"column":27}}},"fnMap":{"0":{"name":"(anonymous_0)","decl":{"start":{"line":23,"column":12},"end":{"line":23,"column":13}},"loc":{"start":{"line":23,"column":22},"end":{"line":23,"column":27}},"line":23}},"branchMap":{},"s":{"0":1,"1":5},"f":{"0":5},"b":{},"_coverageSchema":"332fd63041d2c1bcb487cc26dd0d5f7d97098a6c","hash":"b0a270e2f76687ecab9c2ea1d245aa024ecd0946","contentHash":"238e37e7089c4c6b7c1563719d2ecc20_11.8.0"},"C:\\Users\\dhershman\\Desktop\\Development\\Personal\\Modules\\dusty\\src\\type.js":{"path":"C:\\Users\\dhershman\\Desktop\\Development\\Personal\\Modules\\dusty\\src\\type.js","statementMap":{"0":{"start":{"line":21,"column":13},"end":{"line":30,"column":1}},"1":{"start":{"line":22,"column":2},"end":{"line":24,"column":3}},"2":{"start":{"line":23,"column":4},"end":{"line":23,"column":17}},"3":{"start":{"line":25,"column":2},"end":{"line":27,"column":3}},"4":{"start":{"line":26,"column":4},"end":{"line":26,"column":22}},"5":{"start":{"line":29,"column":2},"end":{"line":29,"column":55}}},"fnMap":{"0":{"name":"(anonymous_0)","decl":{"start":{"line":21,"column":13},"end":{"line":21,"column":14}},"loc":{"start":{"line":21,"column":18},"end":{"line":30,"column":1}},"line":21}},"branchMap":{"0":{"loc":{"start":{"line":22,"column":2},"end":{"line":24,"column":3}},"type":"if","locations":[{"start":{"line":22,"column":2},"end":{"line":24,"column":3}},{"start":{"line":22,"column":2},"end":{"line":24,"column":3}}],"line":22},"1":{"loc":{"start":{"line":25,"column":2},"end":{"line":27,"column":3}},"type":"if","locations":[{"start":{"line":25,"column":2},"end":{"line":27,"column":3}},{"start":{"line":25,"column":2},"end":{"line":27,"column":3}}],"line":25}},"s":{"0":1,"1":27,"2":1,"3":26,"4":1,"5":25},"f":{"0":27},"b":{"0":[1,26],"1":[1,25]},"_coverageSchema":"332fd63041d2c1bcb487cc26dd0d5f7d97098a6c","hash":"60efcce61d0718e71fe07e75367aacd4236b976c","contentHash":"56007de5c1e0532c2e332589908ce3d5_11.8.0"},"C:\\Users\\dhershman\\Desktop\\Development\\Personal\\Modules\\dusty\\src\\empty.js":{"path":"C:\\Users\\dhershman\\Desktop\\Development\\Personal\\Modules\\dusty\\src\\empty.js","statementMap":{"0":{"start":{"line":17,"column":14},"end":{"line":31,"column":1}},"1":{"start":{"line":18,"column":2},"end":{"line":20,"column":3}},"2":{"start":{"line":19,"column":4},"end":{"line":19,"column":13}},"3":{"start":{"line":22,"column":2},"end":{"line":24,"column":3}},"4":{"start":{"line":23,"column":4},"end":{"line":23,"column":13}},"5":{"start":{"line":26,"column":2},"end":{"line":28,"column":3}},"6":{"start":{"line":27,"column":4},"end":{"line":27,"column":13}},"7":{"start":{"line":30,"column":2},"end":{"line":30,"column":81}}},"fnMap":{"0":{"name":"(anonymous_0)","decl":{"start":{"line":17,"column":14},"end":{"line":17,"column":15}},"loc":{"start":{"line":17,"column":19},"end":{"line":31,"column":1}},"line":17}},"branchMap":{"0":{"loc":{"start":{"line":18,"column":2},"end":{"line":20,"column":3}},"type":"if","locations":[{"start":{"line":18,"column":2},"end":{"line":20,"column":3}},{"start":{"line":18,"column":2},"end":{"line":20,"column":3}}],"line":18},"1":{"loc":{"start":{"line":22,"column":2},"end":{"line":24,"column":3}},"type":"if","locations":[{"start":{"line":22,"column":2},"end":{"line":24,"column":3}},{"start":{"line":22,"column":2},"end":{"line":24,"column":3}}],"line":22},"2":{"loc":{"start":{"line":26,"column":2},"end":{"line":28,"column":3}},"type":"if","locations":[{"start":{"line":26,"column":2},"end":{"line":28,"column":3}},{"start":{"line":26,"column":2},"end":{"line":28,"column":3}}],"line":26}},"s":{"0":1,"1":9,"2":3,"3":6,"4":3,"5":3,"6":3,"7":0},"f":{"0":9},"b":{"0":[3,6],"1":[3,3],"2":[3,0]},"_coverageSchema":"332fd63041d2c1bcb487cc26dd0d5f7d97098a6c","hash":"e20e643e1a9bbeb05b403485579161b1417daa30","contentHash":"fdab2458f34a7f51c288320420475285_11.8.0"},"C:\\Users\\dhershman\\Desktop\\Development\\Personal\\Modules\\dusty\\src\\ensureArray.js":{"path":"C:\\Users\\dhershman\\Desktop\\Development\\Personal\\Modules\\dusty\\src\\ensureArray.js","statementMap":{"0":{"start":{"line":19,"column":20},"end":{"line":29,"column":1}},"1":{"start":{"line":20,"column":2},"end":{"line":22,"column":3}},"2":{"start":{"line":21,"column":4},"end":{"line":21,"column":12}},"3":{"start":{"line":24,"column":2},"end":{"line":26,"column":3}},"4":{"start":{"line":25,"column":4},"end":{"line":25,"column":13}},"5":{"start":{"line":28,"column":2},"end":{"line":28,"column":12}}},"fnMap":{"0":{"name":"(anonymous_0)","decl":{"start":{"line":19,"column":20},"end":{"line":19,"column":21}},"loc":{"start":{"line":19,"column":25},"end":{"line":29,"column":1}},"line":19}},"branchMap":{"0":{"loc":{"start":{"line":20,"column":2},"end":{"line":22,"column":3}},"type":"if","locations":[{"start":{"line":20,"column":2},"end":{"line":22,"column":3}},{"start":{"line":20,"column":2},"end":{"line":22,"column":3}}],"line":20},"1":{"loc":{"start":{"line":24,"column":2},"end":{"line":26,"column":3}},"type":"if","locations":[{"start":{"line":24,"column":2},"end":{"line":26,"column":3}},{"start":{"line":24,"column":2},"end":{"line":26,"column":3}}],"line":24}},"s":{"0":1,"1":8,"2":2,"3":6,"4":2,"5":4},"f":{"0":8},"b":{"0":[2,6],"1":[2,4]},"_coverageSchema":"332fd63041d2c1bcb487cc26dd0d5f7d97098a6c","hash":"7ad6a7d7a81da0b49d5a6cd46c93709631b83ba2","contentHash":"6fa62e7faebd6a8db38a628492825c17_11.8.0"},"C:\\Users\\dhershman\\Desktop\\Development\\Personal\\Modules\\dusty\\src\\entries.js":{"path":"C:\\Users\\dhershman\\Desktop\\Development\\Personal\\Modules\\dusty\\src\\entries.js","statementMap":{"0":{"start":{"line":14,"column":16},"end":{"line":15,"column":40}},"1":{"start":{"line":15,"column":2},"end":{"line":15,"column":40}},"2":{"start":{"line":15,"column":28},"end":{"line":15,"column":39}}},"fnMap":{"0":{"name":"(anonymous_0)","decl":{"start":{"line":14,"column":16},"end":{"line":14,"column":17}},"loc":{"start":{"line":15,"column":2},"end":{"line":15,"column":40}},"line":15},"1":{"name":"(anonymous_1)","decl":{"start":{"line":15,"column":23},"end":{"line":15,"column":24}},"loc":{"start":{"line":15,"column":28},"end":{"line":15,"column":39}},"line":15}},"branchMap":{},"s":{"0":1,"1":1,"2":3},"f":{"0":1,"1":3},"b":{},"_coverageSchema":"332fd63041d2c1bcb487cc26dd0d5f7d97098a6c","hash":"bf8a6d36549b4728cfbcea33710796820bd8a792","contentHash":"a85edfe09d5c137c66f291b7c0636599_11.8.0"},"C:\\Users\\dhershman\\Desktop\\Development\\Personal\\Modules\\dusty\\src\\every.js":{"path":"C:\\Users\\dhershman\\Desktop\\Development\\Personal\\Modules\\dusty\\src\\every.js","statementMap":{"0":{"start":{"line":27,"column":14},"end":{"line":27,"column":36}},"1":{"start":{"line":27,"column":25},"end":{"line":27,"column":36}}},"fnMap":{"0":{"name":"(anonymous_0)","decl":{"start":{"line":27,"column":14},"end":{"line":27,"column":15}},"loc":{"start":{"line":27,"column":25},"end":{"line":27,"column":36}},"line":27}},"branchMap":{},"s":{"0":1,"1":4},"f":{"0":4},"b":{},"_coverageSchema":"332fd63041d2c1bcb487cc26dd0d5f7d97098a6c","hash":"17153018e3e80a28101db3ae217ac7ad76acb2e0","contentHash":"26dee82c09eb7b8da7a046366d7da133_11.8.0"},"C:\\Users\\dhershman\\Desktop\\Development\\Personal\\Modules\\dusty\\src\\filter.js":{"path":"C:\\Users\\dhershman\\Desktop\\Development\\Personal\\Modules\\dusty\\src\\filter.js","statementMap":{"0":{"start":{"line":24,"column":15},"end":{"line":24,"column":44}},"1":{"start":{"line":24,"column":29},"end":{"line":24,"column":44}}},"fnMap":{"0":{"name":"(anonymous_0)","decl":{"start":{"line":24,"column":15},"end":{"line":24,"column":16}},"loc":{"start":{"line":24,"column":29},"end":{"line":24,"column":44}},"line":24}},"branchMap":{},"s":{"0":1,"1":3},"f":{"0":3},"b":{},"_coverageSchema":"332fd63041d2c1bcb487cc26dd0d5f7d97098a6c","hash":"3bdd7550c87afc6378db0e6044606a089b9e39a9","contentHash":"63342a3fa356ef8924c2dc0dd48cc693_11.8.0"},"C:\\Users\\dhershman\\Desktop\\Development\\Personal\\Modules\\dusty\\src\\find.js":{"path":"C:\\Users\\dhershman\\Desktop\\Development\\Personal\\Modules\\dusty\\src\\find.js","statementMap":{"0":{"start":{"line":24,"column":13},"end":{"line":37,"column":1}},"1":{"start":{"line":25,"column":12},"end":{"line":25,"column":13}},"2":{"start":{"line":26,"column":14},"end":{"line":26,"column":25}},"3":{"start":{"line":28,"column":2},"end":{"line":34,"column":3}},"4":{"start":{"line":29,"column":4},"end":{"line":31,"column":5}},"5":{"start":{"line":30,"column":6},"end":{"line":30,"column":22}},"6":{"start":{"line":33,"column":4},"end":{"line":33,"column":12}},"7":{"start":{"line":36,"column":2},"end":{"line":36,"column":14}}},"fnMap":{"0":{"name":"(anonymous_0)","decl":{"start":{"line":24,"column":13},"end":{"line":24,"column":14}},"loc":{"start":{"line":24,"column":27},"end":{"line":37,"column":1}},"line":24}},"branchMap":{"0":{"loc":{"start":{"line":29,"column":4},"end":{"line":31,"column":5}},"type":"if","locations":[{"start":{"line":29,"column":4},"end":{"line":31,"column":5}},{"start":{"line":29,"column":4},"end":{"line":31,"column":5}}],"line":29}},"s":{"0":1,"1":6,"2":6,"3":6,"4":17,"5":6,"6":11,"7":0},"f":{"0":6},"b":{"0":[6,11]},"_coverageSchema":"332fd63041d2c1bcb487cc26dd0d5f7d97098a6c","hash":"663353e5516b76bfb98f615389d61c1c8ad0a8bb","contentHash":"f8657fdd0f38037d247c1fe591021f50_11.8.0"},"C:\\Users\\dhershman\\Desktop\\Development\\Personal\\Modules\\dusty\\src\\first.js":{"path":"C:\\Users\\dhershman\\Desktop\\Development\\Personal\\Modules\\dusty\\src\\first.js","statementMap":{"0":{"start":{"line":14,"column":14},"end":{"line":14,"column":23}},"1":{"start":{"line":14,"column":19},"end":{"line":14,"column":23}}},"fnMap":{"0":{"name":"(anonymous_0)","decl":{"start":{"line":14,"column":14},"end":{"line":14,"column":15}},"loc":{"start":{"line":14,"column":19},"end":{"line":14,"column":23}},"line":14}},"branchMap":{},"s":{"0":1,"1":2},"f":{"0":2},"b":{},"_coverageSchema":"332fd63041d2c1bcb487cc26dd0d5f7d97098a6c","hash":"d003f3587f42d174346f8a332dcea4b449785bec","contentHash":"ca98252874b29492c7e3b3212238646f_11.8.0"},"C:\\Users\\dhershman\\Desktop\\Development\\Personal\\Modules\\dusty\\src\\_internals\\function-name.js":{"path":"C:\\Users\\dhershman\\Desktop\\Development\\Personal\\Modules\\dusty\\src\\_internals\\function-name.js","statementMap":{"0":{"start":{"line":2,"column":16},"end":{"line":2,"column":50}},"1":{"start":{"line":4,"column":2},"end":{"line":4,"column":39}}},"fnMap":{"0":{"name":"(anonymous_0)","decl":{"start":{"line":1,"column":15},"end":{"line":1,"column":16}},"loc":{"start":{"line":1,"column":20},"end":{"line":5,"column":1}},"line":1}},"branchMap":{"0":{"loc":{"start":{"line":4,"column":9},"end":{"line":4,"column":38}},"type":"cond-expr","locations":[{"start":{"line":4,"column":25},"end":{"line":4,"column":27}},{"start":{"line":4,"column":30},"end":{"line":4,"column":38}}],"line":4}},"s":{"0":41,"1":41},"f":{"0":41},"b":{"0":[0,41]},"_coverageSchema":"332fd63041d2c1bcb487cc26dd0d5f7d97098a6c","hash":"3fbfd5c39c611d562c3b134d024736fbb6f379a8","contentHash":"663e19ffe1757069d243a736d9d1055b_11.8.0"},"C:\\Users\\dhershman\\Desktop\\Development\\Personal\\Modules\\dusty\\src\\fuzzySearch.js":{"path":"C:\\Users\\dhershman\\Desktop\\Development\\Personal\\Modules\\dusty\\src\\fuzzySearch.js","statementMap":{"0":{"start":{"line":4,"column":20},"end":{"line":15,"column":1}},"1":{"start":{"line":5,"column":10},"end":{"line":5,"column":15}},"2":{"start":{"line":6,"column":14},"end":{"line":6,"column":29}},"3":{"start":{"line":8,"column":2},"end":{"line":12,"column":3}},"4":{"start":{"line":9,"column":4},"end":{"line":11,"column":5}},"5":{"start":{"line":10,"column":6},"end":{"line":10,"column":17}},"6":{"start":{"line":14,"column":2},"end":{"line":14,"column":14}},"7":{"start":{"line":18,"column":15},"end":{"line":31,"column":1}},"8":{"start":{"line":19,"column":14},"end":{"line":19,"column":27}},"9":{"start":{"line":20,"column":12},"end":{"line":20,"column":13}},"10":{"start":{"line":22,"column":2},"end":{"line":28,"column":3}},"11":{"start":{"line":23,"column":4},"end":{"line":25,"column":5}},"12":{"start":{"line":24,"column":6},"end":{"line":24,"column":14}},"13":{"start":{"line":27,"column":4},"end":{"line":27,"column":16}},"14":{"start":{"line":30,"column":2},"end":{"line":30,"column":13}},"15":{"start":{"line":52,"column":20},"end":{"line":65,"column":1}},"16":{"start":{"line":53,"column":15},"end":{"line":53,"column":23}},"17":{"start":{"line":54,"column":15},"end":{"line":54,"column":23}},"18":{"start":{"line":56,"column":2},"end":{"line":58,"column":3}},"19":{"start":{"line":57,"column":4},"end":{"line":57,"column":16}},"20":{"start":{"line":60,"column":2},"end":{"line":62,"column":3}},"21":{"start":{"line":61,"column":4},"end":{"line":61,"column":18}},"22":{"start":{"line":64,"column":2},"end":{"line":64,"column":21}}},"fnMap":{"0":{"name":"(anonymous_0)","decl":{"start":{"line":4,"column":20},"end":{"line":4,"column":21}},"loc":{"start":{"line":4,"column":48},"end":{"line":15,"column":1}},"line":4},"1":{"name":"(anonymous_1)","decl":{"start":{"line":18,"column":15},"end":{"line":18,"column":16}},"loc":{"start":{"line":18,"column":37},"end":{"line":31,"column":1}},"line":18},"2":{"name":"(anonymous_2)","decl":{"start":{"line":52,"column":20},"end":{"line":52,"column":21}},"loc":{"start":{"line":52,"column":30},"end":{"line":65,"column":1}},"line":52}},"branchMap":{"0":{"loc":{"start":{"line":9,"column":4},"end":{"line":11,"column":5}},"type":"if","locations":[{"start":{"line":9,"column":4},"end":{"line":11,"column":5}},{"start":{"line":9,"column":4},"end":{"line":11,"column":5}}],"line":9},"1":{"loc":{"start":{"line":23,"column":4},"end":{"line":25,"column":5}},"type":"if","locations":[{"start":{"line":23,"column":4},"end":{"line":25,"column":5}},{"start":{"line":23,"column":4},"end":{"line":25,"column":5}}],"line":23},"2":{"loc":{"start":{"line":56,"column":2},"end":{"line":58,"column":3}},"type":"if","locations":[{"start":{"line":56,"column":2},"end":{"line":58,"column":3}},{"start":{"line":56,"column":2},"end":{"line":58,"column":3}}],"line":56},"3":{"loc":{"start":{"line":60,"column":2},"end":{"line":62,"column":3}},"type":"if","locations":[{"start":{"line":60,"column":2},"end":{"line":62,"column":3}},{"start":{"line":60,"column":2},"end":{"line":62,"column":3}}],"line":60}},"s":{"0":1,"1":12,"2":12,"3":12,"4":38,"5":11,"6":1,"7":1,"8":6,"9":6,"10":6,"11":12,"12":11,"13":1,"14":5,"15":1,"16":6,"17":6,"18":6,"19":0,"20":6,"21":0,"22":6},"f":{"0":12,"1":6,"2":6},"b":{"0":[11,27],"1":[11,1],"2":[0,6],"3":[0,6]},"_coverageSchema":"332fd63041d2c1bcb487cc26dd0d5f7d97098a6c","hash":"c1059a863bce1aeed5f9cbcbf0603eca247d8558","contentHash":"80a4e7a2724c8432f42dc116a3694b7a_11.8.0"},"C:\\Users\\dhershman\\Desktop\\Development\\Personal\\Modules\\dusty\\src\\gcd.js":{"path":"C:\\Users\\dhershman\\Desktop\\Development\\Personal\\Modules\\dusty\\src\\gcd.js","statementMap":{"0":{"start":{"line":25,"column":12},"end":{"line":31,"column":1}},"1":{"start":{"line":26,"column":2},"end":{"line":28,"column":3}},"2":{"start":{"line":27,"column":4},"end":{"line":27,"column":12}},"3":{"start":{"line":30,"column":2},"end":{"line":30,"column":22}}},"fnMap":{"0":{"name":"(anonymous_0)","decl":{"start":{"line":25,"column":12},"end":{"line":25,"column":13}},"loc":{"start":{"line":25,"column":22},"end":{"line":31,"column":1}},"line":25}},"branchMap":{"0":{"loc":{"start":{"line":26,"column":2},"end":{"line":28,"column":3}},"type":"if","locations":[{"start":{"line":26,"column":2},"end":{"line":28,"column":3}},{"start":{"line":26,"column":2},"end":{"line":28,"column":3}}],"line":26}},"s":{"0":1,"1":15,"2":4,"3":11},"f":{"0":15},"b":{"0":[4,11]},"_coverageSchema":"332fd63041d2c1bcb487cc26dd0d5f7d97098a6c","hash":"79771c7724be0bfd9f06b4084dbbdfacadc04ef5","contentHash":"d406090ac36fd29544ff1f34ae52f0de_11.8.0"},"C:\\Users\\dhershman\\Desktop\\Development\\Personal\\Modules\\dusty\\src\\gets.js":{"path":"C:\\Users\\dhershman\\Desktop\\Development\\Personal\\Modules\\dusty\\src\\gets.js","statementMap":{"0":{"start":{"line":21,"column":13},"end":{"line":23,"column":11}},"1":{"start":{"line":22,"column":2},"end":{"line":23,"column":11}},"2":{"start":{"line":23,"column":4},"end":{"line":23,"column":10}}},"fnMap":{"0":{"name":"(anonymous_0)","decl":{"start":{"line":21,"column":13},"end":{"line":21,"column":14}},"loc":{"start":{"line":22,"column":2},"end":{"line":23,"column":11}},"line":22},"1":{"name":"(anonymous_1)","decl":{"start":{"line":22,"column":11},"end":{"line":22,"column":12}},"loc":{"start":{"line":23,"column":4},"end":{"line":23,"column":10}},"line":23}},"branchMap":{},"s":{"0":1,"1":2,"2":4},"f":{"0":2,"1":4},"b":{},"_coverageSchema":"332fd63041d2c1bcb487cc26dd0d5f7d97098a6c","hash":"394b08a61bbdb9352081f18cc1a78608b0daa2bd","contentHash":"86c1133e64916b19b048add8caf856ac_11.8.0"},"C:\\Users\\dhershman\\Desktop\\Development\\Personal\\Modules\\dusty\\src\\gt.js":{"path":"C:\\Users\\dhershman\\Desktop\\Development\\Personal\\Modules\\dusty\\src\\gt.js","statementMap":{"0":{"start":{"line":22,"column":11},"end":{"line":22,"column":26}},"1":{"start":{"line":22,"column":21},"end":{"line":22,"column":26}}},"fnMap":{"0":{"name":"(anonymous_0)","decl":{"start":{"line":22,"column":11},"end":{"line":22,"column":12}},"loc":{"start":{"line":22,"column":21},"end":{"line":22,"column":26}},"line":22}},"branchMap":{},"s":{"0":1,"1":4},"f":{"0":4},"b":{},"_coverageSchema":"332fd63041d2c1bcb487cc26dd0d5f7d97098a6c","hash":"b7c930bf296439ee6208015b15f39237803091d7","contentHash":"e54a7e67f1c6beb47b098081f94d01ce_11.8.0"},"C:\\Users\\dhershman\\Desktop\\Development\\Personal\\Modules\\dusty\\src\\gte.js":{"path":"C:\\Users\\dhershman\\Desktop\\Development\\Personal\\Modules\\dusty\\src\\gte.js","statementMap":{"0":{"start":{"line":24,"column":12},"end":{"line":24,"column":28}},"1":{"start":{"line":24,"column":22},"end":{"line":24,"column":28}}},"fnMap":{"0":{"name":"(anonymous_0)","decl":{"start":{"line":24,"column":12},"end":{"line":24,"column":13}},"loc":{"start":{"line":24,"column":22},"end":{"line":24,"column":28}},"line":24}},"branchMap":{},"s":{"0":1,"1":5},"f":{"0":5},"b":{},"_coverageSchema":"332fd63041d2c1bcb487cc26dd0d5f7d97098a6c","hash":"f51f3477b55b018003e46ea56b21b58d01038093","contentHash":"b054ec49095b81e900cb7d780b214c00_11.8.0"},"C:\\Users\\dhershman\\Desktop\\Development\\Personal\\Modules\\dusty\\src\\has.js":{"path":"C:\\Users\\dhershman\\Desktop\\Development\\Personal\\Modules\\dusty\\src\\has.js","statementMap":{"0":{"start":{"line":22,"column":12},"end":{"line":23,"column":49}},"1":{"start":{"line":23,"column":2},"end":{"line":23,"column":49}}},"fnMap":{"0":{"name":"(anonymous_0)","decl":{"start":{"line":22,"column":12},"end":{"line":22,"column":13}},"loc":{"start":{"line":23,"column":2},"end":{"line":23,"column":49}},"line":23}},"branchMap":{},"s":{"0":1,"1":5},"f":{"0":5},"b":{},"_coverageSchema":"332fd63041d2c1bcb487cc26dd0d5f7d97098a6c","hash":"3b188c6de77af86906c598e5760006c6f2fa78b4","contentHash":"6253d35e8896a56485ae94d8fb811074_11.8.0"},"C:\\Users\\dhershman\\Desktop\\Development\\Personal\\Modules\\dusty\\src\\height.js":{"path":"C:\\Users\\dhershman\\Desktop\\Development\\Personal\\Modules\\dusty\\src\\height.js","statementMap":{"0":{"start":{"line":13,"column":15},"end":{"line":13,"column":45}},"1":{"start":{"line":13,"column":22},"end":{"line":13,"column":45}}},"fnMap":{"0":{"name":"(anonymous_0)","decl":{"start":{"line":13,"column":15},"end":{"line":13,"column":16}},"loc":{"start":{"line":13,"column":22},"end":{"line":13,"column":45}},"line":13}},"branchMap":{},"s":{"0":1,"1":2},"f":{"0":2},"b":{},"_coverageSchema":"332fd63041d2c1bcb487cc26dd0d5f7d97098a6c","hash":"780b3a52fa4063bde8261d5b1afa770e85d3391a","contentHash":"56260cdaa117f8eca91c2887952a03ec_11.8.0"},"C:\\Users\\dhershman\\Desktop\\Development\\Personal\\Modules\\dusty\\src\\identical.js":{"path":"C:\\Users\\dhershman\\Desktop\\Development\\Personal\\Modules\\dusty\\src\\identical.js","statementMap":{"0":{"start":{"line":21,"column":18},"end":{"line":29,"column":1}},"1":{"start":{"line":22,"column":2},"end":{"line":25,"column":3}},"2":{"start":{"line":24,"column":4},"end":{"line":24,"column":37}},"3":{"start":{"line":28,"column":2},"end":{"line":28,"column":27}}},"fnMap":{"0":{"name":"(anonymous_0)","decl":{"start":{"line":21,"column":18},"end":{"line":21,"column":19}},"loc":{"start":{"line":21,"column":28},"end":{"line":29,"column":1}},"line":21}},"branchMap":{"0":{"loc":{"start":{"line":22,"column":2},"end":{"line":25,"column":3}},"type":"if","locations":[{"start":{"line":22,"column":2},"end":{"line":25,"column":3}},{"start":{"line":22,"column":2},"end":{"line":25,"column":3}}],"line":22},"1":{"loc":{"start":{"line":24,"column":11},"end":{"line":24,"column":37}},"type":"binary-expr","locations":[{"start":{"line":24,"column":11},"end":{"line":24,"column":18}},{"start":{"line":24,"column":22},"end":{"line":24,"column":37}}],"line":24},"2":{"loc":{"start":{"line":28,"column":9},"end":{"line":28,"column":27}},"type":"binary-expr","locations":[{"start":{"line":28,"column":9},"end":{"line":28,"column":16}},{"start":{"line":28,"column":20},"end":{"line":28,"column":27}}],"line":28}},"s":{"0":1,"1":14,"2":4,"3":10},"f":{"0":14},"b":{"0":[4,10],"1":[4,2],"2":[10,4]},"_coverageSchema":"332fd63041d2c1bcb487cc26dd0d5f7d97098a6c","hash":"1b21707dd6c62a5872917d5deb134ae77fc646e2","contentHash":"ec5ce3b8447aed4282a9de002d2a6aa3_11.8.0"},"C:\\Users\\dhershman\\Desktop\\Development\\Personal\\Modules\\dusty\\src\\identity.js":{"path":"C:\\Users\\dhershman\\Desktop\\Development\\Personal\\Modules\\dusty\\src\\identity.js","statementMap":{"0":{"start":{"line":21,"column":17},"end":{"line":21,"column":23}},"1":{"start":{"line":21,"column":22},"end":{"line":21,"column":23}}},"fnMap":{"0":{"name":"(anonymous_0)","decl":{"start":{"line":21,"column":17},"end":{"line":21,"column":18}},"loc":{"start":{"line":21,"column":22},"end":{"line":21,"column":23}},"line":21}},"branchMap":{},"s":{"0":1,"1":148},"f":{"0":148},"b":{},"_coverageSchema":"332fd63041d2c1bcb487cc26dd0d5f7d97098a6c","hash":"6d8da395bbc64ab8270ed2ed78df2946c580ea59","contentHash":"6076ccacf769af2980e9b9b0816c19fb_11.8.0"},"C:\\Users\\dhershman\\Desktop\\Development\\Personal\\Modules\\dusty\\src\\includes.js":{"path":"C:\\Users\\dhershman\\Desktop\\Development\\Personal\\Modules\\dusty\\src\\includes.js","statementMap":{"0":{"start":{"line":27,"column":17},"end":{"line":27,"column":50}},"1":{"start":{"line":27,"column":29},"end":{"line":27,"column":50}}},"fnMap":{"0":{"name":"(anonymous_0)","decl":{"start":{"line":27,"column":17},"end":{"line":27,"column":18}},"loc":{"start":{"line":27,"column":29},"end":{"line":27,"column":50}},"line":27}},"branchMap":{},"s":{"0":1,"1":4},"f":{"0":4},"b":{},"_coverageSchema":"332fd63041d2c1bcb487cc26dd0d5f7d97098a6c","hash":"80d070e46a1221c8ab8ba445ed270d346d569f31","contentHash":"b5e2d9cbcfa83d13c5778bd2cac11c35_11.8.0"},"C:\\Users\\dhershman\\Desktop\\Development\\Personal\\Modules\\dusty\\src\\insert.js":{"path":"C:\\Users\\dhershman\\Desktop\\Development\\Personal\\Modules\\dusty\\src\\insert.js","statementMap":{"0":{"start":{"line":23,"column":15},"end":{"line":30,"column":1}},"1":{"start":{"line":24,"column":14},"end":{"line":24,"column":55}},"2":{"start":{"line":25,"column":17},"end":{"line":25,"column":29}},"3":{"start":{"line":27,"column":2},"end":{"line":27,"column":26}},"4":{"start":{"line":29,"column":2},"end":{"line":29,"column":15}}},"fnMap":{"0":{"name":"(anonymous_0)","decl":{"start":{"line":23,"column":15},"end":{"line":23,"column":16}},"loc":{"start":{"line":23,"column":30},"end":{"line":30,"column":1}},"line":23}},"branchMap":{"0":{"loc":{"start":{"line":24,"column":14},"end":{"line":24,"column":55}},"type":"cond-expr","locations":[{"start":{"line":24,"column":41},"end":{"line":24,"column":42}},{"start":{"line":24,"column":45},"end":{"line":24,"column":55}}],"line":24},"1":{"loc":{"start":{"line":24,"column":14},"end":{"line":24,"column":38}},"type":"binary-expr","locations":[{"start":{"line":24,"column":14},"end":{"line":24,"column":28}},{"start":{"line":24,"column":32},"end":{"line":24,"column":38}}],"line":24}},"s":{"0":1,"1":2,"2":2,"3":2,"4":2},"f":{"0":2},"b":{"0":[2,0],"1":[2,2]},"_coverageSchema":"332fd63041d2c1bcb487cc26dd0d5f7d97098a6c","hash":"f9f8a46df1184a13206eea1f647f186f3ed4e083","contentHash":"455f51c4d33c282bc92b5fc43134463c_11.8.0"},"C:\\Users\\dhershman\\Desktop\\Development\\Personal\\Modules\\dusty\\src\\intersection.js":{"path":"C:\\Users\\dhershman\\Desktop\\Development\\Personal\\Modules\\dusty\\src\\intersection.js","statementMap":{"0":{"start":{"line":22,"column":21},"end":{"line":22,"column":65}},"1":{"start":{"line":22,"column":31},"end":{"line":22,"column":65}},"2":{"start":{"line":22,"column":45},"end":{"line":22,"column":64}}},"fnMap":{"0":{"name":"(anonymous_0)","decl":{"start":{"line":22,"column":21},"end":{"line":22,"column":22}},"loc":{"start":{"line":22,"column":31},"end":{"line":22,"column":65}},"line":22},"1":{"name":"(anonymous_1)","decl":{"start":{"line":22,"column":40},"end":{"line":22,"column":41}},"loc":{"start":{"line":22,"column":45},"end":{"line":22,"column":64}},"line":22}},"branchMap":{},"s":{"0":1,"1":2,"2":8},"f":{"0":2,"1":8},"b":{},"_coverageSchema":"332fd63041d2c1bcb487cc26dd0d5f7d97098a6c","hash":"1894c99c4a800404b07b3a57f2c38a0877495570","contentHash":"11f067bd563a2cc8ea5b5265da3fc99f_11.8.0"},"C:\\Users\\dhershman\\Desktop\\Development\\Personal\\Modules\\dusty\\src\\is.js":{"path":"C:\\Users\\dhershman\\Desktop\\Development\\Personal\\Modules\\dusty\\src\\is.js","statementMap":{"0":{"start":{"line":38,"column":11},"end":{"line":38,"column":82}},"1":{"start":{"line":38,"column":24},"end":{"line":38,"column":82}}},"fnMap":{"0":{"name":"(anonymous_0)","decl":{"start":{"line":38,"column":11},"end":{"line":38,"column":12}},"loc":{"start":{"line":38,"column":24},"end":{"line":38,"column":82}},"line":38}},"branchMap":{"0":{"loc":{"start":{"line":38,"column":24},"end":{"line":38,"column":82}},"type":"binary-expr","locations":[{"start":{"line":38,"column":25},"end":{"line":38,"column":34}},{"start":{"line":38,"column":38},"end":{"line":38,"column":60}},{"start":{"line":38,"column":65},"end":{"line":38,"column":82}}],"line":38}},"s":{"0":1,"1":33},"f":{"0":33},"b":{"0":[33,33,15]},"_coverageSchema":"332fd63041d2c1bcb487cc26dd0d5f7d97098a6c","hash":"406cbc6ed971f5e0654dc2596587cec29c160f5f","contentHash":"f60ecef686d061e9e09ebe99398e8c4f_11.8.0"},"C:\\Users\\dhershman\\Desktop\\Development\\Personal\\Modules\\dusty\\src\\isEmpty.js":{"path":"C:\\Users\\dhershman\\Desktop\\Development\\Personal\\Modules\\dusty\\src\\isEmpty.js","statementMap":{"0":{"start":{"line":20,"column":16},"end":{"line":20,"column":56}},"1":{"start":{"line":20,"column":21},"end":{"line":20,"column":56}}},"fnMap":{"0":{"name":"(anonymous_0)","decl":{"start":{"line":20,"column":16},"end":{"line":20,"column":17}},"loc":{"start":{"line":20,"column":21},"end":{"line":20,"column":56}},"line":20}},"branchMap":{},"s":{"0":1,"1":9},"f":{"0":9},"b":{},"_coverageSchema":"332fd63041d2c1bcb487cc26dd0d5f7d97098a6c","hash":"61aacb7ea3e686c457bb6b86027bb40eb0563947","contentHash":"c12db4ebb088f622d81bcfb82da05542_11.8.0"},"C:\\Users\\dhershman\\Desktop\\Development\\Personal\\Modules\\dusty\\src\\_internals\\equal.js":{"path":"C:\\Users\\dhershman\\Desktop\\Development\\Personal\\Modules\\dusty\\src\\_internals\\equal.js","statementMap":{"0":{"start":{"line":4,"column":22},"end":{"line":7,"column":99}},"1":{"start":{"line":5,"column":2},"end":{"line":7,"column":99}},"2":{"start":{"line":10,"column":19},"end":{"line":22,"column":1}},"3":{"start":{"line":11,"column":15},"end":{"line":11,"column":83}},"4":{"start":{"line":13,"column":2},"end":{"line":19,"column":3}},"5":{"start":{"line":14,"column":14},"end":{"line":14,"column":21}},"6":{"start":{"line":16,"column":4},"end":{"line":18,"column":5}},"7":{"start":{"line":17,"column":6},"end":{"line":17,"column":18}},"8":{"start":{"line":21,"column":2},"end":{"line":21,"column":13}},"9":{"start":{"line":25,"column":20},"end":{"line":47,"column":1}},"10":{"start":{"line":26,"column":19},"end":{"line":36,"column":3}},"11":{"start":{"line":38,"column":2},"end":{"line":44,"column":3}},"12":{"start":{"line":39,"column":21},"end":{"line":39,"column":35}},"13":{"start":{"line":41,"column":4},"end":{"line":43,"column":5}},"14":{"start":{"line":42,"column":6},"end":{"line":42,"column":17}},"15":{"start":{"line":46,"column":2},"end":{"line":46,"column":11}},"16":{"start":{"line":49,"column":18},"end":{"line":57,"column":1}},"17":{"start":{"line":50,"column":2},"end":{"line":53,"column":3}},"18":{"start":{"line":52,"column":4},"end":{"line":52,"column":37}},"19":{"start":{"line":56,"column":2},"end":{"line":56,"column":27}},"20":{"start":{"line":60,"column":14},"end":{"line":138,"column":1}},"21":{"start":{"line":61,"column":16},"end":{"line":61,"column":75}},"22":{"start":{"line":63,"column":2},"end":{"line":65,"column":3}},"23":{"start":{"line":64,"column":4},"end":{"line":64,"column":15}},"24":{"start":{"line":67,"column":2},"end":{"line":69,"column":3}},"25":{"start":{"line":68,"column":4},"end":{"line":68,"column":16}},"26":{"start":{"line":72,"column":2},"end":{"line":105,"column":3}},"27":{"start":{"line":74,"column":6},"end":{"line":77,"column":7}},"28":{"start":{"line":76,"column":8},"end":{"line":76,"column":22}},"29":{"start":{"line":78,"column":6},"end":{"line":78,"column":11}},"30":{"start":{"line":80,"column":6},"end":{"line":82,"column":7}},"31":{"start":{"line":81,"column":8},"end":{"line":81,"column":20}},"32":{"start":{"line":83,"column":6},"end":{"line":83,"column":11}},"33":{"start":{"line":85,"column":6},"end":{"line":87,"column":7}},"34":{"start":{"line":86,"column":8},"end":{"line":86,"column":20}},"35":{"start":{"line":88,"column":6},"end":{"line":88,"column":11}},"36":{"start":{"line":90,"column":6},"end":{"line":90,"column":57}},"37":{"start":{"line":92,"column":6},"end":{"line":94,"column":7}},"38":{"start":{"line":93,"column":8},"end":{"line":93,"column":20}},"39":{"start":{"line":95,"column":6},"end":{"line":95,"column":11}},"40":{"start":{"line":97,"column":6},"end":{"line":99,"column":7}},"41":{"start":{"line":98,"column":8},"end":{"line":98,"column":20}},"42":{"start":{"line":100,"column":6},"end":{"line":100,"column":11}},"43":{"start":{"line":102,"column":6},"end":{"line":102,"column":11}},"44":{"start":{"line":104,"column":6},"end":{"line":104,"column":18}},"45":{"start":{"line":107,"column":16},"end":{"line":107,"column":30}},"46":{"start":{"line":109,"column":2},"end":{"line":111,"column":3}},"47":{"start":{"line":110,"column":4},"end":{"line":110,"column":16}},"48":{"start":{"line":113,"column":12},"end":{"line":113,"column":29}},"49":{"start":{"line":114,"column":12},"end":{"line":114,"column":28}},"50":{"start":{"line":116,"column":2},"end":{"line":121,"column":3}},"51":{"start":{"line":117,"column":4},"end":{"line":119,"column":5}},"52":{"start":{"line":118,"column":6},"end":{"line":118,"column":30}},"53":{"start":{"line":120,"column":4},"end":{"line":120,"column":12}},"54":{"start":{"line":123,"column":2},"end":{"line":123,"column":16}},"55":{"start":{"line":124,"column":2},"end":{"line":124,"column":16}},"56":{"start":{"line":126,"column":2},"end":{"line":133,"column":3}},"57":{"start":{"line":127,"column":16},"end":{"line":127,"column":26}},"58":{"start":{"line":129,"column":4},"end":{"line":131,"column":5}},"59":{"start":{"line":130,"column":6},"end":{"line":130,"column":18}},"60":{"start":{"line":132,"column":4},"end":{"line":132,"column":12}},"61":{"start":{"line":134,"column":2},"end":{"line":134,"column":14}},"62":{"start":{"line":135,"column":2},"end":{"line":135,"column":14}},"63":{"start":{"line":137,"column":2},"end":{"line":137,"column":13}}},"fnMap":{"0":{"name":"(anonymous_0)","decl":{"start":{"line":4,"column":22},"end":{"line":4,"column":23}},"loc":{"start":{"line":5,"column":2},"end":{"line":7,"column":99}},"line":5},"1":{"name":"(anonymous_1)","decl":{"start":{"line":10,"column":19},"end":{"line":10,"column":20}},"loc":{"start":{"line":10,"column":29},"end":{"line":22,"column":1}},"line":10},"2":{"name":"(anonymous_2)","decl":{"start":{"line":25,"column":20},"end":{"line":25,"column":21}},"loc":{"start":{"line":25,"column":25},"end":{"line":47,"column":1}},"line":25},"3":{"name":"(anonymous_3)","decl":{"start":{"line":49,"column":18},"end":{"line":49,"column":19}},"loc":{"start":{"line":49,"column":28},"end":{"line":57,"column":1}},"line":49},"4":{"name":"(anonymous_4)","decl":{"start":{"line":60,"column":14},"end":{"line":60,"column":15}},"loc":{"start":{"line":60,"column":40},"end":{"line":138,"column":1}},"line":60}},"branchMap":{"0":{"loc":{"start":{"line":5,"column":2},"end":{"line":7,"column":99}},"type":"binary-expr","locations":[{"start":{"line":5,"column":2},"end":{"line":5,"column":12}},{"start":{"line":6,"column":2},"end":{"line":6,"column":12}},{"start":{"line":7,"column":2},"end":{"line":7,"column":99}}],"line":5},"1":{"loc":{"start":{"line":16,"column":4},"end":{"line":18,"column":5}},"type":"if","locations":[{"start":{"line":16,"column":4},"end":{"line":18,"column":5}},{"start":{"line":16,"column":4},"end":{"line":18,"column":5}}],"line":16},"2":{"loc":{"start":{"line":41,"column":4},"end":{"line":43,"column":5}},"type":"if","locations":[{"start":{"line":41,"column":4},"end":{"line":43,"column":5}},{"start":{"line":41,"column":4},"end":{"line":43,"column":5}}],"line":41},"3":{"loc":{"start":{"line":50,"column":2},"end":{"line":53,"column":3}},"type":"if","locations":[{"start":{"line":50,"column":2},"end":{"line":53,"column":3}},{"start":{"line":50,"column":2},"end":{"line":53,"column":3}}],"line":50},"4":{"loc":{"start":{"line":52,"column":11},"end":{"line":52,"column":37}},"type":"binary-expr","locations":[{"start":{"line":52,"column":11},"end":{"line":52,"column":18}},{"start":{"line":52,"column":22},"end":{"line":52,"column":37}}],"line":52},"5":{"loc":{"start":{"line":56,"column":9},"end":{"line":56,"column":27}},"type":"binary-expr","locations":[{"start":{"line":56,"column":9},"end":{"line":56,"column":16}},{"start":{"line":56,"column":20},"end":{"line":56,"column":27}}],"line":56},"6":{"loc":{"start":{"line":63,"column":2},"end":{"line":65,"column":3}},"type":"if","locations":[{"start":{"line":63,"column":2},"end":{"line":65,"column":3}},{"start":{"line":63,"column":2},"end":{"line":65,"column":3}}],"line":63},"7":{"loc":{"start":{"line":67,"column":2},"end":{"line":69,"column":3}},"type":"if","locations":[{"start":{"line":67,"column":2},"end":{"line":69,"column":3}},{"start":{"line":67,"column":2},"end":{"line":69,"column":3}}],"line":67},"8":{"loc":{"start":{"line":72,"column":2},"end":{"line":105,"column":3}},"type":"switch","locations":[{"start":{"line":73,"column":4},"end":{"line":78,"column":11}},{"start":{"line":79,"column":4},"end":{"line":83,"column":11}},{"start":{"line":84,"column":4},"end":{"line":88,"column":11}},{"start":{"line":89,"column":4},"end":{"line":90,"column":57}},{"start":{"line":91,"column":4},"end":{"line":95,"column":11}},{"start":{"line":96,"column":4},"end":{"line":100,"column":11}},{"start":{"line":101,"column":4},"end":{"line":102,"column":11}},{"start":{"line":103,"column":4},"end":{"line":104,"column":18}}],"line":72},"9":{"loc":{"start":{"line":74,"column":6},"end":{"line":77,"column":7}},"type":"if","locations":[{"start":{"line":74,"column":6},"end":{"line":77,"column":7}},{"start":{"line":74,"column":6},"end":{"line":77,"column":7}}],"line":74},"10":{"loc":{"start":{"line":74,"column":10},"end":{"line":75,"column":49}},"type":"binary-expr","locations":[{"start":{"line":74,"column":10},"end":{"line":74,"column":45}},{"start":{"line":75,"column":8},"end":{"line":75,"column":49}}],"line":74},"11":{"loc":{"start":{"line":80,"column":6},"end":{"line":82,"column":7}},"type":"if","locations":[{"start":{"line":80,"column":6},"end":{"line":82,"column":7}},{"start":{"line":80,"column":6},"end":{"line":82,"column":7}}],"line":80},"12":{"loc":{"start":{"line":80,"column":12},"end":{"line":80,"column":72}},"type":"binary-expr","locations":[{"start":{"line":80,"column":12},"end":{"line":80,"column":33}},{"start":{"line":80,"column":37},"end":{"line":80,"column":72}}],"line":80},"13":{"loc":{"start":{"line":85,"column":6},"end":{"line":87,"column":7}},"type":"if","locations":[{"start":{"line":85,"column":6},"end":{"line":87,"column":7}},{"start":{"line":85,"column":6},"end":{"line":87,"column":7}}],"line":85},"14":{"loc":{"start":{"line":90,"column":13},"end":{"line":90,"column":57}},"type":"binary-expr","locations":[{"start":{"line":90,"column":13},"end":{"line":90,"column":30}},{"start":{"line":90,"column":34},"end":{"line":90,"column":57}}],"line":90},"15":{"loc":{"start":{"line":92,"column":6},"end":{"line":94,"column":7}},"type":"if","locations":[{"start":{"line":92,"column":6},"end":{"line":94,"column":7}},{"start":{"line":92,"column":6},"end":{"line":94,"column":7}}],"line":92},"16":{"loc":{"start":{"line":97,"column":6},"end":{"line":99,"column":7}},"type":"if","locations":[{"start":{"line":97,"column":6},"end":{"line":99,"column":7}},{"start":{"line":97,"column":6},"end":{"line":99,"column":7}}],"line":97},"17":{"loc":{"start":{"line":109,"column":2},"end":{"line":111,"column":3}},"type":"if","locations":[{"start":{"line":109,"column":2},"end":{"line":111,"column":3}},{"start":{"line":109,"column":2},"end":{"line":111,"column":3}}],"line":109},"18":{"loc":{"start":{"line":117,"column":4},"end":{"line":119,"column":5}},"type":"if","locations":[{"start":{"line":117,"column":4},"end":{"line":119,"column":5}},{"start":{"line":117,"column":4},"end":{"line":119,"column":5}}],"line":117},"19":{"loc":{"start":{"line":129,"column":4},"end":{"line":131,"column":5}},"type":"if","locations":[{"start":{"line":129,"column":4},"end":{"line":131,"column":5}},{"start":{"line":129,"column":4},"end":{"line":131,"column":5}}],"line":129},"20":{"loc":{"start":{"line":129,"column":10},"end":{"line":129,"column":95}},"type":"binary-expr","locations":[{"start":{"line":129,"column":10},"end":{"line":129,"column":54}},{"start":{"line":129,"column":58},"end":{"line":129,"column":95}}],"line":129}},"s":{"0":1,"1":81,"2":1,"3":6,"4":6,"5":27,"6":27,"7":2,"8":4,"9":1,"10":119,"11":119,"12":272,"13":272,"14":117,"15":2,"16":1,"17":135,"18":46,"19":89,"20":1,"21":119,"22":119,"23":38,"24":81,"25":6,"26":75,"27":39,"28":0,"29":39,"30":14,"31":9,"32":5,"33":4,"34":1,"35":3,"36":3,"37":6,"38":2,"39":4,"40":6,"41":1,"42":5,"43":2,"44":1,"45":58,"46":58,"47":9,"48":49,"49":49,"50":49,"51":24,"52":2,"53":22,"54":47,"55":47,"56":47,"57":47,"58":47,"59":5,"60":42,"61":42,"62":42,"63":42},"f":{"0":81,"1":6,"2":119,"3":135,"4":119},"b":{"0":[81,81,81],"1":[2,25],"2":[117,155],"3":[46,89],"4":[46,3],"5":[89,0],"6":[38,81],"7":[6,75],"8":[39,14,4,3,6,6,2,1],"9":[0,39],"10":[39,39],"11":[9,5],"12":[14,12],"13":[1,3],"14":[3,2],"15":[2,4],"16":[1,5],"17":[9,49],"18":[2,22],"19":[5,42],"20":[47,47]},"_coverageSchema":"332fd63041d2c1bcb487cc26dd0d5f7d97098a6c","hash":"18224a7a928c11113146218c21b5eb886da9727c","contentHash":"8dcb0cc552369457ca1d0cec2a401036_11.8.0"},"C:\\Users\\dhershman\\Desktop\\Development\\Personal\\Modules\\dusty\\src\\isEqual.js":{"path":"C:\\Users\\dhershman\\Desktop\\Development\\Personal\\Modules\\dusty\\src\\isEqual.js","statementMap":{"0":{"start":{"line":17,"column":16},"end":{"line":17,"column":46}},"1":{"start":{"line":17,"column":26},"end":{"line":17,"column":46}}},"fnMap":{"0":{"name":"(anonymous_0)","decl":{"start":{"line":17,"column":16},"end":{"line":17,"column":17}},"loc":{"start":{"line":17,"column":26},"end":{"line":17,"column":46}},"line":17}},"branchMap":{},"s":{"0":1,"1":66},"f":{"0":66},"b":{},"_coverageSchema":"332fd63041d2c1bcb487cc26dd0d5f7d97098a6c","hash":"e5e47bffe2fd4cb683129779956ac3ee8dde86b0","contentHash":"295388de91d003d89b10cb6f826baa75_11.8.0"},"C:\\Users\\dhershman\\Desktop\\Development\\Personal\\Modules\\dusty\\src\\juxt.js":{"path":"C:\\Users\\dhershman\\Desktop\\Development\\Personal\\Modules\\dusty\\src\\juxt.js","statementMap":{"0":{"start":{"line":15,"column":13},"end":{"line":16,"column":33}},"1":{"start":{"line":16,"column":2},"end":{"line":16,"column":33}},"2":{"start":{"line":16,"column":12},"end":{"line":16,"column":33}},"3":{"start":{"line":16,"column":25},"end":{"line":16,"column":32}}},"fnMap":{"0":{"name":"(anonymous_0)","decl":{"start":{"line":15,"column":13},"end":{"line":15,"column":14}},"loc":{"start":{"line":16,"column":2},"end":{"line":16,"column":33}},"line":16},"1":{"name":"(anonymous_1)","decl":{"start":{"line":16,"column":2},"end":{"line":16,"column":3}},"loc":{"start":{"line":16,"column":12},"end":{"line":16,"column":33}},"line":16},"2":{"name":"(anonymous_2)","decl":{"start":{"line":16,"column":20},"end":{"line":16,"column":21}},"loc":{"start":{"line":16,"column":25},"end":{"line":16,"column":32}},"line":16}},"branchMap":{"0":{"loc":{"start":{"line":15,"column":14},"end":{"line":15,"column":22}},"type":"default-arg","locations":[{"start":{"line":15,"column":20},"end":{"line":15,"column":22}}],"line":15}},"s":{"0":1,"1":9,"2":9,"3":11},"f":{"0":9,"1":9,"2":11},"b":{"0":[2]},"_coverageSchema":"332fd63041d2c1bcb487cc26dd0d5f7d97098a6c","hash":"624989c1a2511d06eaefe38397ee711b0bd62bdb","contentHash":"8d514948cfffc1f07edeb70734fda4c7_11.8.0"},"C:\\Users\\dhershman\\Desktop\\Development\\Personal\\Modules\\dusty\\src\\last.js":{"path":"C:\\Users\\dhershman\\Desktop\\Development\\Personal\\Modules\\dusty\\src\\last.js","statementMap":{"0":{"start":{"line":17,"column":13},"end":{"line":17,"column":33}},"1":{"start":{"line":17,"column":18},"end":{"line":17,"column":33}}},"fnMap":{"0":{"name":"(anonymous_0)","decl":{"start":{"line":17,"column":13},"end":{"line":17,"column":14}},"loc":{"start":{"line":17,"column":18},"end":{"line":17,"column":33}},"line":17}},"branchMap":{},"s":{"0":1,"1":2},"f":{"0":2},"b":{},"_coverageSchema":"332fd63041d2c1bcb487cc26dd0d5f7d97098a6c","hash":"309afb4efcb9987556665f0aa3d2083026b35417","contentHash":"d5f01b0e5a50dce73208ec6cb2bf500a_11.8.0"},"C:\\Users\\dhershman\\Desktop\\Development\\Personal\\Modules\\dusty\\src\\lcm.js":{"path":"C:\\Users\\dhershman\\Desktop\\Development\\Personal\\Modules\\dusty\\src\\lcm.js","statementMap":{"0":{"start":{"line":26,"column":12},"end":{"line":27,"column":41}},"1":{"start":{"line":27,"column":2},"end":{"line":27,"column":41}}},"fnMap":{"0":{"name":"(anonymous_0)","decl":{"start":{"line":26,"column":12},"end":{"line":26,"column":13}},"loc":{"start":{"line":27,"column":2},"end":{"line":27,"column":41}},"line":27}},"branchMap":{},"s":{"0":1,"1":2},"f":{"0":2},"b":{},"_coverageSchema":"332fd63041d2c1bcb487cc26dd0d5f7d97098a6c","hash":"000ee59a94cf6b1e766f248b0b9298fc280b032d","contentHash":"6c0a9b8d9f2e689d20f405db2d258fca_11.8.0"},"C:\\Users\\dhershman\\Desktop\\Development\\Personal\\Modules\\dusty\\src\\length.js":{"path":"C:\\Users\\dhershman\\Desktop\\Development\\Personal\\Modules\\dusty\\src\\length.js","statementMap":{"0":{"start":{"line":15,"column":15},"end":{"line":15,"column":28}},"1":{"start":{"line":15,"column":20},"end":{"line":15,"column":28}}},"fnMap":{"0":{"name":"(anonymous_0)","decl":{"start":{"line":15,"column":15},"end":{"line":15,"column":16}},"loc":{"start":{"line":15,"column":20},"end":{"line":15,"column":28}},"line":15}},"branchMap":{},"s":{"0":1,"1":2},"f":{"0":2},"b":{},"_coverageSchema":"332fd63041d2c1bcb487cc26dd0d5f7d97098a6c","hash":"0d3aa867625760085e8ee77b195bf514028103f3","contentHash":"235950d392cb9eeca7c0fed543ecb103_11.8.0"},"C:\\Users\\dhershman\\Desktop\\Development\\Personal\\Modules\\dusty\\src\\lt.js":{"path":"C:\\Users\\dhershman\\Desktop\\Development\\Personal\\Modules\\dusty\\src\\lt.js","statementMap":{"0":{"start":{"line":23,"column":11},"end":{"line":23,"column":26}},"1":{"start":{"line":23,"column":21},"end":{"line":23,"column":26}}},"fnMap":{"0":{"name":"(anonymous_0)","decl":{"start":{"line":23,"column":11},"end":{"line":23,"column":12}},"loc":{"start":{"line":23,"column":21},"end":{"line":23,"column":26}},"line":23}},"branchMap":{},"s":{"0":1,"1":4},"f":{"0":4},"b":{},"_coverageSchema":"332fd63041d2c1bcb487cc26dd0d5f7d97098a6c","hash":"441150c258d0ea35045bd4a9d2f6af93c99adeb6","contentHash":"999946a09cee63df0472209915761cd8_11.8.0"},"C:\\Users\\dhershman\\Desktop\\Development\\Personal\\Modules\\dusty\\src\\lte.js":{"path":"C:\\Users\\dhershman\\Desktop\\Development\\Personal\\Modules\\dusty\\src\\lte.js","statementMap":{"0":{"start":{"line":24,"column":12},"end":{"line":24,"column":28}},"1":{"start":{"line":24,"column":22},"end":{"line":24,"column":28}}},"fnMap":{"0":{"name":"(anonymous_0)","decl":{"start":{"line":24,"column":12},"end":{"line":24,"column":13}},"loc":{"start":{"line":24,"column":22},"end":{"line":24,"column":28}},"line":24}},"branchMap":{},"s":{"0":1,"1":5},"f":{"0":5},"b":{},"_coverageSchema":"332fd63041d2c1bcb487cc26dd0d5f7d97098a6c","hash":"e79ffe165f825e6a99b5593e15c107f3b8d4ca42","contentHash":"b3b3ec2a99d55db9d443acf5cd7f35a5_11.8.0"},"C:\\Users\\dhershman\\Desktop\\Development\\Personal\\Modules\\dusty\\src\\map.js":{"path":"C:\\Users\\dhershman\\Desktop\\Development\\Personal\\Modules\\dusty\\src\\map.js","statementMap":{"0":{"start":{"line":26,"column":12},"end":{"line":26,"column":38}},"1":{"start":{"line":26,"column":26},"end":{"line":26,"column":38}}},"fnMap":{"0":{"name":"(anonymous_0)","decl":{"start":{"line":26,"column":12},"end":{"line":26,"column":13}},"loc":{"start":{"line":26,"column":26},"end":{"line":26,"column":38}},"line":26}},"branchMap":{},"s":{"0":1,"1":3},"f":{"0":3},"b":{},"_coverageSchema":"332fd63041d2c1bcb487cc26dd0d5f7d97098a6c","hash":"7e6b52efa54cbc00071a0d25fa18a23bbd68d432","contentHash":"ea143ea937aae197c409e95ada638b2f_11.8.0"},"C:\\Users\\dhershman\\Desktop\\Development\\Personal\\Modules\\dusty\\src\\nth.js":{"path":"C:\\Users\\dhershman\\Desktop\\Development\\Personal\\Modules\\dusty\\src\\nth.js","statementMap":{"0":{"start":{"line":22,"column":12},"end":{"line":26,"column":1}},"1":{"start":{"line":23,"column":14},"end":{"line":23,"column":38}},"2":{"start":{"line":25,"column":2},"end":{"line":25,"column":15}}},"fnMap":{"0":{"name":"(anonymous_0)","decl":{"start":{"line":22,"column":12},"end":{"line":22,"column":13}},"loc":{"start":{"line":22,"column":22},"end":{"line":26,"column":1}},"line":22}},"branchMap":{"0":{"loc":{"start":{"line":23,"column":14},"end":{"line":23,"column":38}},"type":"cond-expr","locations":[{"start":{"line":23,"column":22},"end":{"line":23,"column":34}},{"start":{"line":23,"column":37},"end":{"line":23,"column":38}}],"line":23}},"s":{"0":1,"1":19,"2":19},"f":{"0":19},"b":{"0":[8,11]},"_coverageSchema":"332fd63041d2c1bcb487cc26dd0d5f7d97098a6c","hash":"471cc891a20e5d6d06d8166aa6047342a551deeb","contentHash":"9f50b0394f36edaf89c860e339b5a911_11.8.0"},"C:\\Users\\dhershman\\Desktop\\Development\\Personal\\Modules\\dusty\\src\\max.js":{"path":"C:\\Users\\dhershman\\Desktop\\Development\\Personal\\Modules\\dusty\\src\\max.js","statementMap":{"0":{"start":{"line":16,"column":12},"end":{"line":16,"column":49}},"1":{"start":{"line":16,"column":17},"end":{"line":16,"column":49}},"2":{"start":{"line":16,"column":42},"end":{"line":16,"column":47}}},"fnMap":{"0":{"name":"(anonymous_0)","decl":{"start":{"line":16,"column":12},"end":{"line":16,"column":13}},"loc":{"start":{"line":16,"column":17},"end":{"line":16,"column":49}},"line":16},"1":{"name":"(anonymous_1)","decl":{"start":{"line":16,"column":32},"end":{"line":16,"column":33}},"loc":{"start":{"line":16,"column":42},"end":{"line":16,"column":47}},"line":16}},"branchMap":{},"s":{"0":1,"1":6,"2":24},"f":{"0":6,"1":24},"b":{},"_coverageSchema":"332fd63041d2c1bcb487cc26dd0d5f7d97098a6c","hash":"09b1c61edb6355e7b5c8a18f46e35bcdc46d23cf","contentHash":"5d7cd06dd9b8fab637488f2081969560_11.8.0"},"C:\\Users\\dhershman\\Desktop\\Development\\Personal\\Modules\\dusty\\src\\mean.js":{"path":"C:\\Users\\dhershman\\Desktop\\Development\\Personal\\Modules\\dusty\\src\\mean.js","statementMap":{"0":{"start":{"line":15,"column":13},"end":{"line":21,"column":1}},"1":{"start":{"line":16,"column":2},"end":{"line":18,"column":3}},"2":{"start":{"line":17,"column":4},"end":{"line":17,"column":12}},"3":{"start":{"line":20,"column":2},"end":{"line":20,"column":48}},"4":{"start":{"line":20,"column":28},"end":{"line":20,"column":33}}},"fnMap":{"0":{"name":"(anonymous_0)","decl":{"start":{"line":15,"column":13},"end":{"line":15,"column":14}},"loc":{"start":{"line":15,"column":25},"end":{"line":21,"column":1}},"line":15},"1":{"name":"(anonymous_1)","decl":{"start":{"line":20,"column":18},"end":{"line":20,"column":19}},"loc":{"start":{"line":20,"column":28},"end":{"line":20,"column":33}},"line":20}},"branchMap":{"0":{"loc":{"start":{"line":15,"column":14},"end":{"line":15,"column":20}},"type":"default-arg","locations":[{"start":{"line":15,"column":18},"end":{"line":15,"column":20}}],"line":15},"1":{"loc":{"start":{"line":16,"column":2},"end":{"line":18,"column":3}},"type":"if","locations":[{"start":{"line":16,"column":2},"end":{"line":18,"column":3}},{"start":{"line":16,"column":2},"end":{"line":18,"column":3}}],"line":16}},"s":{"0":1,"1":4,"2":2,"3":2,"4":5},"f":{"0":4,"1":5},"b":{"0":[1],"1":[2,2]},"_coverageSchema":"332fd63041d2c1bcb487cc26dd0d5f7d97098a6c","hash":"4c6a63b5e588a63f47314e93216c87d9178ac68b","contentHash":"ad9c93d39169af93ce7d3ac03520cfe2_11.8.0"},"C:\\Users\\dhershman\\Desktop\\Development\\Personal\\Modules\\dusty\\src\\min.js":{"path":"C:\\Users\\dhershman\\Desktop\\Development\\Personal\\Modules\\dusty\\src\\min.js","statementMap":{"0":{"start":{"line":16,"column":12},"end":{"line":16,"column":48}},"1":{"start":{"line":16,"column":17},"end":{"line":16,"column":48}},"2":{"start":{"line":16,"column":41},"end":{"line":16,"column":46}}},"fnMap":{"0":{"name":"(anonymous_0)","decl":{"start":{"line":16,"column":12},"end":{"line":16,"column":13}},"loc":{"start":{"line":16,"column":17},"end":{"line":16,"column":48}},"line":16},"1":{"name":"(anonymous_1)","decl":{"start":{"line":16,"column":31},"end":{"line":16,"column":32}},"loc":{"start":{"line":16,"column":41},"end":{"line":16,"column":46}},"line":16}},"branchMap":{},"s":{"0":1,"1":5,"2":18},"f":{"0":5,"1":18},"b":{},"_coverageSchema":"332fd63041d2c1bcb487cc26dd0d5f7d97098a6c","hash":"255d9024c43bbd7d28efc31fce9f11fb95fb072a","contentHash":"fcf787c631d2b09ccba9bced98e15457_11.8.0"},"C:\\Users\\dhershman\\Desktop\\Development\\Personal\\Modules\\dusty\\src\\mul.js":{"path":"C:\\Users\\dhershman\\Desktop\\Development\\Personal\\Modules\\dusty\\src\\mul.js","statementMap":{"0":{"start":{"line":23,"column":12},"end":{"line":23,"column":27}},"1":{"start":{"line":23,"column":22},"end":{"line":23,"column":27}}},"fnMap":{"0":{"name":"(anonymous_0)","decl":{"start":{"line":23,"column":12},"end":{"line":23,"column":13}},"loc":{"start":{"line":23,"column":22},"end":{"line":23,"column":27}},"line":23}},"branchMap":{},"s":{"0":1,"1":7},"f":{"0":7},"b":{},"_coverageSchema":"332fd63041d2c1bcb487cc26dd0d5f7d97098a6c","hash":"82bb8f2fc97a75a8497fc17867464caf9b499bde","contentHash":"892839826571b2ac6dafdf5144ac81ec_11.8.0"},"C:\\Users\\dhershman\\Desktop\\Development\\Personal\\Modules\\dusty\\src\\omit.js":{"path":"C:\\Users\\dhershman\\Desktop\\Development\\Personal\\Modules\\dusty\\src\\omit.js","statementMap":{"0":{"start":{"line":24,"column":13},"end":{"line":34,"column":1}},"1":{"start":{"line":25,"column":17},"end":{"line":25,"column":33}},"2":{"start":{"line":27,"column":2},"end":{"line":33,"column":8}},"3":{"start":{"line":28,"column":4},"end":{"line":30,"column":5}},"4":{"start":{"line":29,"column":6},"end":{"line":29,"column":25}},"5":{"start":{"line":32,"column":4},"end":{"line":32,"column":14}}},"fnMap":{"0":{"name":"(anonymous_0)","decl":{"start":{"line":24,"column":13},"end":{"line":24,"column":14}},"loc":{"start":{"line":24,"column":25},"end":{"line":34,"column":1}},"line":24},"1":{"name":"(anonymous_1)","decl":{"start":{"line":27,"column":31},"end":{"line":27,"column":32}},"loc":{"start":{"line":27,"column":46},"end":{"line":33,"column":3}},"line":27}},"branchMap":{"0":{"loc":{"start":{"line":28,"column":4},"end":{"line":30,"column":5}},"type":"if","locations":[{"start":{"line":28,"column":4},"end":{"line":30,"column":5}},{"start":{"line":28,"column":4},"end":{"line":30,"column":5}}],"line":28}},"s":{"0":1,"1":4,"2":4,"3":12,"4":6,"5":12},"f":{"0":4,"1":12},"b":{"0":[6,6]},"_coverageSchema":"332fd63041d2c1bcb487cc26dd0d5f7d97098a6c","hash":"efec612a5c42e835330c8336dfef72deb1b513ee","contentHash":"c00337a5b96399f03365f5222e6e9737_11.8.0"},"C:\\Users\\dhershman\\Desktop\\Development\\Personal\\Modules\\dusty\\src\\or.js":{"path":"C:\\Users\\dhershman\\Desktop\\Development\\Personal\\Modules\\dusty\\src\\or.js","statementMap":{"0":{"start":{"line":19,"column":11},"end":{"line":19,"column":27}},"1":{"start":{"line":19,"column":21},"end":{"line":19,"column":27}}},"fnMap":{"0":{"name":"(anonymous_0)","decl":{"start":{"line":19,"column":11},"end":{"line":19,"column":12}},"loc":{"start":{"line":19,"column":21},"end":{"line":19,"column":27}},"line":19}},"branchMap":{"0":{"loc":{"start":{"line":19,"column":21},"end":{"line":19,"column":27}},"type":"binary-expr","locations":[{"start":{"line":19,"column":21},"end":{"line":19,"column":22}},{"start":{"line":19,"column":26},"end":{"line":19,"column":27}}],"line":19}},"s":{"0":1,"1":7},"f":{"0":7},"b":{"0":[7,3]},"_coverageSchema":"332fd63041d2c1bcb487cc26dd0d5f7d97098a6c","hash":"5fb330808f541e53c4fb8a8c4e217d876be43211","contentHash":"f7550dbbb114a9564aa022a94b130676_11.8.0"},"C:\\Users\\dhershman\\Desktop\\Development\\Personal\\Modules\\dusty\\src\\partition.js":{"path":"C:\\Users\\dhershman\\Desktop\\Development\\Personal\\Modules\\dusty\\src\\partition.js","statementMap":{"0":{"start":{"line":25,"column":18},"end":{"line":27,"column":70}},"1":{"start":{"line":26,"column":2},"end":{"line":27,"column":70}},"2":{"start":{"line":27,"column":4},"end":{"line":27,"column":59}}},"fnMap":{"0":{"name":"(anonymous_0)","decl":{"start":{"line":25,"column":18},"end":{"line":25,"column":19}},"loc":{"start":{"line":26,"column":2},"end":{"line":27,"column":70}},"line":26},"1":{"name":"(anonymous_1)","decl":{"start":{"line":26,"column":14},"end":{"line":26,"column":15}},"loc":{"start":{"line":27,"column":4},"end":{"line":27,"column":59}},"line":27}},"branchMap":{"0":{"loc":{"start":{"line":27,"column":4},"end":{"line":27,"column":59}},"type":"cond-expr","locations":[{"start":{"line":27,"column":12},"end":{"line":27,"column":34}},{"start":{"line":27,"column":37},"end":{"line":27,"column":59}}],"line":27}},"s":{"0":1,"1":4,"2":8},"f":{"0":4,"1":8},"b":{"0":[6,2]},"_coverageSchema":"332fd63041d2c1bcb487cc26dd0d5f7d97098a6c","hash":"30b4201b5d73f7fc958ed9bd48aa40a38f958ad1","contentHash":"eb89ce19b280b10f863e5ee8b278d6d4_11.8.0"},"C:\\Users\\dhershman\\Desktop\\Development\\Personal\\Modules\\dusty\\src\\path.js":{"path":"C:\\Users\\dhershman\\Desktop\\Development\\Personal\\Modules\\dusty\\src\\path.js","statementMap":{"0":{"start":{"line":25,"column":13},"end":{"line":35,"column":1}},"1":{"start":{"line":26,"column":2},"end":{"line":28,"column":3}},"2":{"start":{"line":27,"column":4},"end":{"line":27,"column":17}},"3":{"start":{"line":30,"column":2},"end":{"line":32,"column":3}},"4":{"start":{"line":31,"column":4},"end":{"line":31,"column":20}},"5":{"start":{"line":34,"column":2},"end":{"line":34,"column":27}}},"fnMap":{"0":{"name":"(anonymous_0)","decl":{"start":{"line":25,"column":13},"end":{"line":25,"column":14}},"loc":{"start":{"line":25,"column":36},"end":{"line":35,"column":1}},"line":25}},"branchMap":{"0":{"loc":{"start":{"line":26,"column":2},"end":{"line":28,"column":3}},"type":"if","locations":[{"start":{"line":26,"column":2},"end":{"line":28,"column":3}},{"start":{"line":26,"column":2},"end":{"line":28,"column":3}}],"line":26},"1":{"loc":{"start":{"line":30,"column":2},"end":{"line":32,"column":3}},"type":"if","locations":[{"start":{"line":30,"column":2},"end":{"line":32,"column":3}},{"start":{"line":30,"column":2},"end":{"line":32,"column":3}}],"line":30}},"s":{"0":1,"1":6,"2":1,"3":5,"4":2,"5":3},"f":{"0":6},"b":{"0":[1,5],"1":[2,3]},"_coverageSchema":"332fd63041d2c1bcb487cc26dd0d5f7d97098a6c","hash":"40e7568aaa0737573d2ecf1bd617b6f793575af1","contentHash":"efe6e79194fe49137ac291c6b8cbf534_11.8.0"},"C:\\Users\\dhershman\\Desktop\\Development\\Personal\\Modules\\dusty\\src\\pipe.js":{"path":"C:\\Users\\dhershman\\Desktop\\Development\\Personal\\Modules\\dusty\\src\\pipe.js","statementMap":{"0":{"start":{"line":22,"column":13},"end":{"line":23,"column":38}},"1":{"start":{"line":23,"column":2},"end":{"line":23,"column":38}},"2":{"start":{"line":23,"column":27},"end":{"line":23,"column":34}}},"fnMap":{"0":{"name":"(anonymous_0)","decl":{"start":{"line":22,"column":13},"end":{"line":22,"column":14}},"loc":{"start":{"line":23,"column":2},"end":{"line":23,"column":38}},"line":23},"1":{"name":"(anonymous_1)","decl":{"start":{"line":23,"column":14},"end":{"line":23,"column":15}},"loc":{"start":{"line":23,"column":27},"end":{"line":23,"column":34}},"line":23}},"branchMap":{},"s":{"0":1,"1":2,"2":4},"f":{"0":2,"1":4},"b":{},"_coverageSchema":"332fd63041d2c1bcb487cc26dd0d5f7d97098a6c","hash":"0ba47dee21aca0478784910a98e83b0604cb94ce","contentHash":"21302b25df56809002f820c1cb05e5bf_11.8.0"},"C:\\Users\\dhershman\\Desktop\\Development\\Personal\\Modules\\dusty\\src\\plan.js":{"path":"C:\\Users\\dhershman\\Desktop\\Development\\Personal\\Modules\\dusty\\src\\plan.js","statementMap":{"0":{"start":{"line":26,"column":13},"end":{"line":35,"column":8}},"1":{"start":{"line":27,"column":2},"end":{"line":35,"column":8}},"2":{"start":{"line":28,"column":4},"end":{"line":30,"column":5}},"3":{"start":{"line":29,"column":6},"end":{"line":29,"column":16}},"4":{"start":{"line":32,"column":4},"end":{"line":32,"column":30}},"5":{"start":{"line":34,"column":4},"end":{"line":34,"column":14}}},"fnMap":{"0":{"name":"(anonymous_0)","decl":{"start":{"line":26,"column":13},"end":{"line":26,"column":14}},"loc":{"start":{"line":27,"column":2},"end":{"line":35,"column":8}},"line":27},"1":{"name":"(anonymous_1)","decl":{"start":{"line":27,"column":26},"end":{"line":27,"column":27}},"loc":{"start":{"line":27,"column":38},"end":{"line":35,"column":3}},"line":27}},"branchMap":{"0":{"loc":{"start":{"line":28,"column":4},"end":{"line":30,"column":5}},"type":"if","locations":[{"start":{"line":28,"column":4},"end":{"line":30,"column":5}},{"start":{"line":28,"column":4},"end":{"line":30,"column":5}}],"line":28}},"s":{"0":1,"1":3,"2":5,"3":0,"4":5,"5":5},"f":{"0":3,"1":5},"b":{"0":[0,5]},"_coverageSchema":"332fd63041d2c1bcb487cc26dd0d5f7d97098a6c","hash":"185899a47f5d5a9d32574ff2870292544f1fbe12","contentHash":"76ac510bbe92ce96158c6f14d60f49af_11.8.0"},"C:\\Users\\dhershman\\Desktop\\Development\\Personal\\Modules\\dusty\\src\\_internals\\isObject.js":{"path":"C:\\Users\\dhershman\\Desktop\\Development\\Personal\\Modules\\dusty\\src\\_internals\\isObject.js","statementMap":{"0":{"start":{"line":2,"column":20},"end":{"line":2,"column":75}}},"fnMap":{"0":{"name":"(anonymous_0)","decl":{"start":{"line":2,"column":15},"end":{"line":2,"column":16}},"loc":{"start":{"line":2,"column":20},"end":{"line":2,"column":75}},"line":2}},"branchMap":{},"s":{"0":18},"f":{"0":18},"b":{},"_coverageSchema":"332fd63041d2c1bcb487cc26dd0d5f7d97098a6c","hash":"e1b6ae84a4a835562ec247c46988c7985b163ca2","contentHash":"4523f7b15bd03f51b347f80e07c5cc1c_11.8.0"},"C:\\Users\\dhershman\\Desktop\\Development\\Personal\\Modules\\dusty\\src\\pluck.js":{"path":"C:\\Users\\dhershman\\Desktop\\Development\\Personal\\Modules\\dusty\\src\\pluck.js","statementMap":{"0":{"start":{"line":22,"column":14},"end":{"line":35,"column":8}},"1":{"start":{"line":23,"column":2},"end":{"line":35,"column":8}},"2":{"start":{"line":24,"column":16},"end":{"line":24,"column":23}},"3":{"start":{"line":26,"column":4},"end":{"line":28,"column":5}},"4":{"start":{"line":27,"column":6},"end":{"line":27,"column":38}},"5":{"start":{"line":30,"column":4},"end":{"line":32,"column":5}},"6":{"start":{"line":31,"column":6},"end":{"line":31,"column":19}},"7":{"start":{"line":34,"column":4},"end":{"line":34,"column":14}}},"fnMap":{"0":{"name":"(anonymous_0)","decl":{"start":{"line":22,"column":14},"end":{"line":22,"column":15}},"loc":{"start":{"line":23,"column":2},"end":{"line":35,"column":8}},"line":23},"1":{"name":"(anonymous_1)","decl":{"start":{"line":23,"column":27},"end":{"line":23,"column":28}},"loc":{"start":{"line":23,"column":39},"end":{"line":35,"column":3}},"line":23}},"branc
[...]
28,"column":5}},{"start":{"line":26,"column":4},"end":{"line":28,"column":5}}],"line":26},"1":{"loc":{"start":{"line":30,"column":4},"end":{"line":32,"column":5}},"type":"if","locations":[{"start":{"line":30,"column":4},"end":{"line":32,"column":5}},{"start":{"line":30,"column":4},"end":{"line":32,"column":5}}],"line":30}},"s":{"0":1,"1":14,"2":18,"3":18,"4":10,"5":8,"6":8,"7":8},"f":{"0":14,"1":18},"b":{"0":[10,8],"1":[8,0]},"_coverageSchema":"332fd63041d2c1bcb487cc26dd0d5f7d97098a6c","hash":"b85ed124a0a96a2e277fde9b4b5e9c9d72646962","contentHash":"578c47f0f10bbc0a0abecc6378d237b4_11.8.0"},"C:\\Users\\dhershman\\Desktop\\Development\\Personal\\Modules\\dusty\\src\\prepend.js":{"path":"C:\\Users\\dhershman\\Desktop\\Development\\Personal\\Modules\\dusty\\src\\prepend.js","statementMap":{"0":{"start":{"line":22,"column":16},"end":{"line":22,"column":47}},"1":{"start":{"line":22,"column":29},"end":{"line":22,"column":47}}},"fnMap":{"0":{"name":"(anonymous_0)","decl":{"start":{"line":22,"column":16},"end":{"line":22,"column":17}},"loc":{"start":{"line":22,"column":29},"end":{"line":22,"column":47}},"line":22}},"branchMap":{},"s":{"0":1,"1":3},"f":{"0":3},"b":{},"_coverageSchema":"332fd63041d2c1bcb487cc26dd0d5f7d97098a6c","hash":"6684c333eea77ddf3ad9a36edf329474c5bc0b65","contentHash":"5639e74318461458f60192b8ff01c020_11.8.0"},"C:\\Users\\dhershman\\Desktop\\Development\\Personal\\Modules\\dusty\\src\\prop.js":{"path":"C:\\Users\\dhershman\\Desktop\\Development\\Personal\\Modules\\dusty\\src\\prop.js","statementMap":{"0":{"start":{"line":25,"column":13},"end":{"line":25,"column":31}},"1":{"start":{"line":25,"column":25},"end":{"line":25,"column":31}}},"fnMap":{"0":{"name":"(anonymous_0)","decl":{"start":{"line":25,"column":13},"end":{"line":25,"column":14}},"loc":{"start":{"line":25,"column":25},"end":{"line":25,"column":31}},"line":25}},"branchMap":{},"s":{"0":1,"1":6},"f":{"0":6},"b":{},"_coverageSchema":"332fd63041d2c1bcb487cc26dd0d5f7d97098a6c","hash":"29a95821e1eda5f3786a80905abab5264976019d","contentHash":"1320898dc393207a2ba425bdf20f019f_11.8.0"},"C:\\Users\\dhershman\\Desktop\\Development\\Personal\\Modules\\dusty\\src\\range.js":{"path":"C:\\Users\\dhershman\\Desktop\\Development\\Personal\\Modules\\dusty\\src\\range.js","statementMap":{"0":{"start":{"line":15,"column":14},"end":{"line":35,"column":1}},"1":{"start":{"line":16,"column":2},"end":{"line":18,"column":3}},"2":{"start":{"line":17,"column":4},"end":{"line":17,"column":65}},"3":{"start":{"line":20,"column":17},"end":{"line":20,"column":19}},"4":{"start":{"line":21,"column":13},"end":{"line":21,"column":15}},"5":{"start":{"line":22,"column":14},"end":{"line":22,"column":18}},"6":{"start":{"line":24,"column":2},"end":{"line":27,"column":3}},"7":{"start":{"line":25,"column":4},"end":{"line":25,"column":13}},"8":{"start":{"line":26,"column":4},"end":{"line":26,"column":15}},"9":{"start":{"line":29,"column":2},"end":{"line":32,"column":3}},"10":{"start":{"line":30,"column":4},"end":{"line":30,"column":22}},"11":{"start":{"line":31,"column":4},"end":{"line":31,"column":14}},"12":{"start":{"line":34,"column":2},"end":{"line":34,"column":15}}},"fnMap":{"0":{"name":"(anonymous_0)","decl":{"start":{"line":15,"column":14},"end":{"line":15,"column":15}},"loc":{"start":{"line":15,"column":28},"end":{"line":35,"column":1}},"line":15}},"branchMap":{"0":{"loc":{"start":{"line":16,"column":2},"end":{"line":18,"column":3}},"type":"if","locations":[{"start":{"line":16,"column":2},"end":{"line":18,"column":3}},{"start":{"line":16,"column":2},"end":{"line":18,"column":3}}],"line":16},"1":{"loc":{"start":{"line":16,"column":6},"end":{"line":16,"column":38}},"type":"binary-expr","locations":[{"start":{"line":16,"column":6},"end":{"line":16,"column":17}},{"start":{"line":16,"column":22},"end":{"line":16,"column":24}},{"start":{"line":16,"column":28},"end":{"line":16,"column":37}}],"line":16},"2":{"loc":{"start":{"line":24,"column":2},"end":{"line":27,"column":3}},"type":"if","locations":[{"start":{"line":24,"column":2},"end":{"line":27,"column":3}},{"start":{"line":24,"column":2},"end":{"line":27,"column":3}}],"line":24}},"s":{"0":1,"1":2,"2":0,"3":2,"4":2,"5":2,"6":2,"7":1,"8":1,"9":2,"10":9,"11":9,"12":2},"f":{"0":2},"b":{"0":[0,2],"1":[2,2,1],"2":[1,1]},"_coverageSchema":"332fd63041d2c1bcb487cc26dd0d5f7d97098a6c","hash":"8208f7366f6d6ca5bd7767f4035f552b6bd878ae","contentHash":"26ca932439d3ff55da240f96685aaca1_11.8.0"},"C:\\Users\\dhershman\\Desktop\\Development\\Personal\\Modules\\dusty\\src\\reduce.js":{"path":"C:\\Users\\dhershman\\Desktop\\Development\\Personal\\Modules\\dusty\\src\\reduce.js","statementMap":{"0":{"start":{"line":25,"column":15},"end":{"line":25,"column":56}},"1":{"start":{"line":25,"column":35},"end":{"line":25,"column":56}}},"fnMap":{"0":{"name":"(anonymous_0)","decl":{"start":{"line":25,"column":15},"end":{"line":25,"column":16}},"loc":{"start":{"line":25,"column":35},"end":{"line":25,"column":56}},"line":25}},"branchMap":{},"s":{"0":1,"1":3},"f":{"0":3},"b":{},"_coverageSchema":"332fd63041d2c1bcb487cc26dd0d5f7d97098a6c","hash":"4b97203238d8c51c2fd7275e6a84e58f7909fedd","contentHash":"2aadd906101b69a7d9b0fb658435b600_11.8.0"},"C:\\Users\\dhershman\\Desktop\\Development\\Personal\\Modules\\dusty\\src\\reject.js":{"path":"C:\\Users\\dhershman\\Desktop\\Development\\Personal\\Modules\\dusty\\src\\reject.js","statementMap":{"0":{"start":{"line":25,"column":15},"end":{"line":26,"column":26}},"1":{"start":{"line":26,"column":2},"end":{"line":26,"column":26}},"2":{"start":{"line":26,"column":19},"end":{"line":26,"column":25}}},"fnMap":{"0":{"name":"(anonymous_0)","decl":{"start":{"line":25,"column":15},"end":{"line":25,"column":16}},"loc":{"start":{"line":26,"column":2},"end":{"line":26,"column":26}},"line":26},"1":{"name":"(anonymous_1)","decl":{"start":{"line":26,"column":14},"end":{"line":26,"column":15}},"loc":{"start":{"line":26,"column":19},"end":{"line":26,"column":25}},"line":26}},"branchMap":{},"s":{"0":1,"1":4,"2":13},"f":{"0":4,"1":13},"b":{},"_coverageSchema":"332fd63041d2c1bcb487cc26dd0d5f7d97098a6c","hash":"5d575dcefb11f6702a3901bcfc17c67aca648dea","contentHash":"342e36454642f1ae9f7309d26942256d_11.8.0"},"C:\\Users\\dhershman\\Desktop\\Development\\Personal\\Modules\\dusty\\src\\remove.js":{"path":"C:\\Users\\dhershman\\Desktop\\Development\\Personal\\Modules\\dusty\\src\\remove.js","statementMap":{"0":{"start":{"line":21,"column":15},"end":{"line":22,"column":42}},"1":{"start":{"line":22,"column":2},"end":{"line":22,"column":42}}},"fnMap":{"0":{"name":"(anonymous_0)","decl":{"start":{"line":21,"column":15},"end":{"line":21,"column":16}},"loc":{"start":{"line":22,"column":2},"end":{"line":22,"column":42}},"line":22}},"branchMap":{},"s":{"0":1,"1":3},"f":{"0":3},"b":{},"_coverageSchema":"332fd63041d2c1bcb487cc26dd0d5f7d97098a6c","hash":"0f6f97e630deca8c4d9b47536ee656eb56ddad27","contentHash":"a1715efdf78460848a5b9bf9cdb7f151_11.8.0"},"C:\\Users\\dhershman\\Desktop\\Development\\Personal\\Modules\\dusty\\src\\reverse.js":{"path":"C:\\Users\\dhershman\\Desktop\\Development\\Personal\\Modules\\dusty\\src\\reverse.js","statementMap":{"0":{"start":{"line":15,"column":16},"end":{"line":15,"column":44}},"1":{"start":{"line":15,"column":23},"end":{"line":15,"column":44}}},"fnMap":{"0":{"name":"(anonymous_0)","decl":{"start":{"line":15,"column":16},"end":{"line":15,"column":17}},"loc":{"start":{"line":15,"column":23},"end":{"line":15,"column":44}},"line":15}},"branchMap":{},"s":{"0":1,"1":3},"f":{"0":3},"b":{},"_coverageSchema":"332fd63041d2c1bcb487cc26dd0d5f7d97098a6c","hash":"00282f407e46cb2a891495cdcb4ed102045f6032","contentHash":"aff50c5e05cc57e11a7d59717689b04e_11.8.0"},"C:\\Users\\dhershman\\Desktop\\Development\\Personal\\Modules\\dusty\\src\\round.js":{"path":"C:\\Users\\dhershman\\Desktop\\Development\\Personal\\Modules\\dusty\\src\\round.js","statementMap":{"0":{"start":{"line":23,"column":14},"end":{"line":23,"column":94}},"1":{"start":{"line":23,"column":34},"end":{"line":23,"column":94}}},"fnMap":{"0":{"name":"(anonymous_0)","decl":{"start":{"line":23,"column":14},"end":{"line":23,"column":15}},"loc":{"start":{"line":23,"column":34},"end":{"line":23,"column":94}},"line":23}},"branchMap":{},"s":{"0":1,"1":3},"f":{"0":3},"b":{},"_coverageSchema":"332fd63041d2c1bcb487cc26dd0d5f7d97098a6c","hash":"50df2472e984261d8c160bf3ac9ec066ace37311","contentHash":"64f7651299561ba26f3f73aba88804c3_11.8.0"},"C:\\Users\\dhershman\\Desktop\\Development\\Personal\\Modules\\dusty\\src\\sift.js":{"path":"C:\\Users\\dhershman\\Desktop\\Development\\Personal\\Modules\\dusty\\src\\sift.js","statementMap":{"0":{"start":{"line":22,"column":13},"end":{"line":29,"column":8}},"1":{"start":{"line":23,"column":2},"end":{"line":29,"column":8}},"2":{"start":{"line":24,"column":4},"end":{"line":26,"column":5}},"3":{"start":{"line":25,"column":6},"end":{"line":25,"column":21}},"4":{"start":{"line":28,"column":4},"end":{"line":28,"column":14}}},"fnMap":{"0":{"name":"(anonymous_0)","decl":{"start":{"line":22,"column":13},"end":{"line":22,"column":14}},"loc":{"start":{"line":23,"column":2},"end":{"line":29,"column":8}},"line":23},"1":{"name":"(anonymous_1)","decl":{"start":{"line":23,"column":26},"end":{"line":23,"column":27}},"loc":{"start":{"line":23,"column":38},"end":{"line":29,"column":3}},"line":23}},"branchMap":{"0":{"loc":{"start":{"line":24,"column":4},"end":{"line":26,"column":5}},"type":"if","locations":[{"start":{"line":24,"column":4},"end":{"line":26,"column":5}},{"start":{"line":24,"column":4},"end":{"line":26,"column":5}}],"line":24}},"s":{"0":1,"1":2,"2":6,"3":4,"4":6},"f":{"0":2,"1":6},"b":{"0":[4,2]},"_coverageSchema":"332fd63041d2c1bcb487cc26dd0d5f7d97098a6c","hash":"6aa1ad478ef9e520d589baaec4bce0503cf5a7a5","contentHash":"423719e09d7453a804b6d4c232480501_11.8.0"},"C:\\Users\\dhershman\\Desktop\\Development\\Personal\\Modules\\dusty\\src\\slice.js":{"path":"C:\\Users\\dhershman\\Desktop\\Development\\Personal\\Modules\\dusty\\src\\slice.js","statementMap":{"0":{"start":{"line":23,"column":14},"end":{"line":23,"column":46}},"1":{"start":{"line":23,"column":30},"end":{"line":23,"column":46}}},"fnMap":{"0":{"name":"(anonymous_0)","decl":{"start":{"line":23,"column":14},"end":{"line":23,"column":15}},"loc":{"start":{"line":23,"column":30},"end":{"line":23,"column":46}},"line":23}},"branchMap":{},"s":{"0":1,"1":2},"f":{"0":2},"b":{},"_coverageSchema":"332fd63041d2c1bcb487cc26dd0d5f7d97098a6c","hash":"0b750baa73798f162bc2f058903c14c26e44db63","contentHash":"cbe885bb810ae353f1a0372806d1caf7_11.8.0"},"C:\\Users\\dhershman\\Desktop\\Development\\Personal\\Modules\\dusty\\src\\some.js":{"path":"C:\\Users\\dhershman\\Desktop\\Development\\Personal\\Modules\\dusty\\src\\some.js","statementMap":{"0":{"start":{"line":29,"column":13},"end":{"line":29,"column":34}},"1":{"start":{"line":29,"column":24},"end":{"line":29,"column":34}}},"fnMap":{"0":{"name":"(anonymous_0)","decl":{"start":{"line":29,"column":13},"end":{"line":29,"column":14}},"loc":{"start":{"line":29,"column":24},"end":{"line":29,"column":34}},"line":29}},"branchMap":{},"s":{"0":1,"1":8},"f":{"0":8},"b":{},"_coverageSchema":"332fd63041d2c1bcb487cc26dd0d5f7d97098a6c","hash":"6a473e291496749eab0e5ecb5d101d92de98b507","contentHash":"9dc1215dfafb7280e0e1a91ef7d4e0ff_11.8.0"},"C:\\Users\\dhershman\\Desktop\\Development\\Personal\\Modules\\dusty\\src\\sort.js":{"path":"C:\\Users\\dhershman\\Desktop\\Development\\Personal\\Modules\\dusty\\src\\sort.js","statementMap":{"0":{"start":{"line":23,"column":13},"end":{"line":23,"column":42}},"1":{"start":{"line":23,"column":24},"end":{"line":23,"column":42}}},"fnMap":{"0":{"name":"(anonymous_0)","decl":{"start":{"line":23,"column":13},"end":{"line":23,"column":14}},"loc":{"start":{"line":23,"column":24},"end":{"line":23,"column":42}},"line":23}},"branchMap":{},"s":{"0":1,"1":2},"f":{"0":2},"b":{},"_coverageSchema":"332fd63041d2c1bcb487cc26dd0d5f7d97098a6c","hash":"668035e84e3dbee0fe74d57ba92167d1ad6b9d94","contentHash":"47191cd95e004137bacf075949128321_11.8.0"},"C:\\Users\\dhershman\\Desktop\\Development\\Personal\\Modules\\dusty\\src\\sub.js":{"path":"C:\\Users\\dhershman\\Desktop\\Development\\Personal\\Modules\\dusty\\src\\sub.js","statementMap":{"0":{"start":{"line":23,"column":12},"end":{"line":23,"column":27}},"1":{"start":{"line":23,"column":22},"end":{"line":23,"column":27}}},"fnMap":{"0":{"name":"(anonymous_0)","decl":{"start":{"line":23,"column":12},"end":{"line":23,"column":13}},"loc":{"start":{"line":23,"column":22},"end":{"line":23,"column":27}},"line":23}},"branchMap":{},"s":{"0":1,"1":5},"f":{"0":5},"b":{},"_coverageSchema":"332fd63041d2c1bcb487cc26dd0d5f7d97098a6c","hash":"af921ed2d3137b48e4c294d161f92b6a44b724cc","contentHash":"14cb7526c8f992a4d8dd9dc9f7ab1263_11.8.0"},"C:\\Users\\dhershman\\Desktop\\Development\\Personal\\Modules\\dusty\\src\\trim.js":{"path":"C:\\Users\\dhershman\\Desktop\\Development\\Personal\\Modules\\dusty\\src\\trim.js","statementMap":{"0":{"start":{"line":15,"column":13},"end":{"line":15,"column":30}},"1":{"start":{"line":15,"column":20},"end":{"line":15,"column":30}}},"fnMap":{"0":{"name":"(anonymous_0)","decl":{"start":{"line":15,"column":13},"end":{"line":15,"column":14}},"loc":{"start":{"line":15,"column":20},"end":{"line":15,"column":30}},"line":15}},"branchMap":{},"s":{"0":1,"1":4},"f":{"0":4},"b":{},"_coverageSchema":"332fd63041d2c1bcb487cc26dd0d5f7d97098a6c","hash":"2f7c47e057aa7f43ce9c503b277b7674b67c7f9b","contentHash":"abbaf453f324499aa3cdd0819d1502b6_11.8.0"},"C:\\Users\\dhershman\\Desktop\\Development\\Personal\\Modules\\dusty\\src\\uniqBy.js":{"path":"C:\\Users\\dhershman\\Desktop\\Development\\Personal\\Modules\\dusty\\src\\uniqBy.js","statementMap":{"0":{"start":{"line":23,"column":15},"end":{"line":30,"column":8}},"1":{"start":{"line":24,"column":2},"end":{"line":30,"column":8}},"2":{"start":{"line":25,"column":4},"end":{"line":27,"column":5}},"3":{"start":{"line":26,"column":6},"end":{"line":26,"column":17}},"4":{"start":{"line":29,"column":4},"end":{"line":29,"column":14}}},"fnMap":{"0":{"name":"(anonymous_0)","decl":{"start":{"line":23,"column":15},"end":{"line":23,"column":16}},"loc":{"start":{"line":24,"column":2},"end":{"line":30,"column":8}},"line":24},"1":{"name":"(anonymous_1)","decl":{"start":{"line":24,"column":14},"end":{"line":24,"column":15}},"loc":{"start":{"line":24,"column":26},"end":{"line":30,"column":3}},"line":24}},"branchMap":{"0":{"loc":{"start":{"line":25,"column":4},"end":{"line":27,"column":5}},"type":"if","locations":[{"start":{"line":25,"column":4},"end":{"line":27,"column":5}},{"start":{"line":25,"column":4},"end":{"line":27,"column":5}}],"line":25}},"s":{"0":1,"1":7,"2":47,"3":35,"4":47},"f":{"0":7,"1":47},"b":{"0":[35,12]},"_coverageSchema":"332fd63041d2c1bcb487cc26dd0d5f7d97098a6c","hash":"88c5e1687d9c1b0f397acf34d3becd79a4b4f698","contentHash":"ef7fe1e454caf0820a2f4b67613a69e8_11.8.0"},"C:\\Users\\dhershman\\Desktop\\Development\\Personal\\Modules\\dusty\\src\\uniq.js":{"path":"C:\\Users\\dhershman\\Desktop\\Development\\Personal\\Modules\\dusty\\src\\uniq.js","statementMap":{"0":{"start":{"line":17,"column":13},"end":{"line":17,"column":29}}},"fnMap":{},"branchMap":{},"s":{"0":1},"f":{},"b":{},"_coverageSchema":"332fd63041d2c1bcb487cc26dd0d5f7d97098a6c","hash":"46606d36dc69438383f92ac2734bc5731b11cdd1","contentHash":"cbdc5f73d1cc3dc4e964c445465bbede_11.8.0"},"C:\\Users\\dhershman\\Desktop\\Development\\Personal\\Modules\\dusty\\src\\union.js":{"path":"C:\\Users\\dhershman\\Desktop\\Development\\Personal\\Modules\\dusty\\src\\union.js","statementMap":{"0":{"start":{"line":26,"column":14},"end":{"line":26,"column":55}},"1":{"start":{"line":26,"column":31},"end":{"line":26,"column":55}}},"fnMap":{"0":{"name":"(anonymous_0)","decl":{"start":{"line":26,"column":14},"end":{"line":26,"column":15}},"loc":{"start":{"line":26,"column":31},"end":{"line":26,"column":55}},"line":26}},"branchMap":{},"s":{"0":1,"1":3},"f":{"0":3},"b":{},"_coverageSchema":"332fd63041d2c1bcb487cc26dd0d5f7d97098a6c","hash":"e06a06b002f844ceefbc0911f6c56d1c99dbfe85","contentHash":"d11be2c75f84e7f53c452d6c4e9ef158_11.8.0"},"C:\\Users\\dhershman\\Desktop\\Development\\Personal\\Modules\\dusty\\src\\values.js":{"path":"C:\\Users\\dhershman\\Desktop\\Development\\Personal\\Modules\\dusty\\src\\values.js","statementMap":{"0":{"start":{"line":14,"column":15},"end":{"line":15,"column":35}},"1":{"start":{"line":15,"column":2},"end":{"line":15,"column":35}},"2":{"start":{"line":15,"column":28},"end":{"line":15,"column":34}}},"fnMap":{"0":{"name":"(anonymous_0)","decl":{"start":{"line":14,"column":15},"end":{"line":14,"column":16}},"loc":{"start":{"line":15,"column":2},"end":{"line":15,"column":35}},"line":15},"1":{"name":"(anonymous_1)","decl":{"start":{"line":15,"column":23},"end":{"line":15,"column":24}},"loc":{"start":{"line":15,"column":28},"end":{"line":15,"column":34}},"line":15}},"branchMap":{},"s":{"0":1,"1":1,"2":3},"f":{"0":1,"1":3},"b":{},"_coverageSchema":"332fd63041d2c1bcb487cc26dd0d5f7d97098a6c","hash":"89a0773d8b6c89abba86a46e093955db6c12de69","contentHash":"ea997552d6e01e8c418b50e7f277df06_11.8.0"},"C:\\Users\\dhershman\\Desktop\\Development\\Personal\\Modules\\dusty\\src\\when.js":{"path":"C:\\Users\\dhershman\\Desktop\\Development\\Personal\\Modules\\dusty\\src\\when.js","statementMap":{"0":{"start":{"line":23,"column":13},"end":{"line":29,"column":1}},"1":{"start":{"line":24,"column":2},"end":{"line":26,"column":3}},"2":{"start":{"line":25,"column":4},"end":{"line":25,"column":23}},"3":{"start":{"line":28,"column":2},"end":{"line":28,"column":18}}},"fnMap":{"0":{"name":"(anonymous_0)","decl":{"start":{"line":23,"column":13},"end":{"line":23,"column":14}},"loc":{"start":{"line":23,"column":35},"end":{"line":29,"column":1}},"line":23}},"branchMap":{"0":{"loc":{"start":{"line":24,"column":2},"end":{"line":26,"column":3}},"type":"if","locations":[{"start":{"line":24,"column":2},"end":{"line":26,"column":3}},{"start":{"line":24,"column":2},"end":{"line":26,"column":3}}],"line":24}},"s":{"0":1,"1":2,"2":1,"3":1},"f":{"0":2},"b":{"0":[1,1]},"_coverageSchema":"332fd63041d2c1bcb487cc26dd0d5f7d97098a6c","hash":"713ddf2ad5e305dd068f5e40998e5a51349b8019","contentHash":"0c12deebe1dfdb65a9791b1686fa5555_11.8.0"},"C:\\Users\\dhershman\\Desktop\\Development\\Personal\\Modules\\dusty\\src\\whole.js":{"path":"C:\\Users\\dhershman\\Desktop\\Development\\Personal\\Modules\\dusty\\src\\whole.js","statementMap":{"0":{"start":{"line":19,"column":14},"end":{"line":21,"column":26}},"1":{"start":{"line":20,"column":2},"end":{"line":21,"column":26}},"2":{"start":{"line":21,"column":4},"end":{"line":21,"column":25}}},"fnMap":{"0":{"name":"(anonymous_0)","decl":{"start":{"line":19,"column":14},"end":{"line":19,"column":15}},"loc":{"start":{"line":20,"column":2},"end":{"line":21,"column":26}},"line":20},"1":{"name":"(anonymous_1)","decl":{"start":{"line":20,"column":28},"end":{"line":20,"column":29}},"loc":{"start":{"line":21,"column":4},"end":{"line":21,"column":25}},"line":21}},"branchMap":{},"s":{"0":1,"1":2,"2":5},"f":{"0":2,"1":5},"b":{},"_coverageSchema":"332fd63041d2c1bcb487cc26dd0d5f7d97098a6c","hash":"13e92f1f75d91c0658515641e8907b9e45d7a58e","contentHash":"0b5034d95e8c109dcd91640639d2d72c_11.8.0"},"C:\\Users\\dhershman\\Desktop\\Development\\Personal\\Modules\\dusty\\src\\words.js":{"path":"C:\\Users\\dhershman\\Desktop\\Development\\Personal\\Modules\\dusty\\src\\words.js","statementMap":{"0":{"start":{"line":16,"column":14},"end":{"line":16,"column":43}},"1":{"start":{"line":16,"column":21},"end":{"line":16,"column":43}}},"fnMap":{"0":{"name":"(anonymous_0)","decl":{"start":{"line":16,"column":14},"end":{"line":16,"column":15}},"loc":{"start":{"line":16,"column":21},"end":{"line":16,"column":43}},"line":16}},"branchMap":{},"s":{"0":1,"1":2},"f":{"0":2},"b":{},"_coverageSchema":"332fd63041d2c1bcb487cc26dd0d5f7d97098a6c","hash":"0ab2f15f7202646a579b90457ed6c53f8f4deee7","contentHash":"34efe14546eeb8815f8d48f7acb17613_11.8.0"}}